Log file generated by elf-parser
Input file: X:\Programming\Cheats\Sources\Reverse_8684\valve\dlls\hl.so

--- A list of source file data ---

initfini.c
crtstuff.c
crtstuff.c
initfini.c
func_tank.cpp
globals.cpp
multiplay_gamerules.cpp
world.cpp
xen.cpp
voice_gamemgr.cpp
aflock.cpp
agrunt.cpp
airtank.cpp
animating.cpp
animation.cpp
apache.cpp
barnacle.cpp
barney.cpp
bigmomma.cpp
bloater.cpp
bmodels.cpp
bullsquid.cpp
buttons.cpp
cbase.cpp
client.cpp
combat.cpp
controller.cpp
crossbow.cpp
crowbar.cpp
defaultai.cpp
doors.cpp
effects.cpp
egon.cpp
explode.cpp
flyingmonster.cpp
func_break.cpp
game.cpp
gamerules.cpp
gargantua.cpp
gauss.cpp
genericmonster.cpp
ggrenade.cpp
gman.cpp
h_ai.cpp
h_battery.cpp
h_cine.cpp
h_cycler.cpp
h_export.cpp
handgrenade.cpp
hassassin.cpp
headcrab.cpp
healthkit.cpp
hgrunt.cpp
hornet.cpp
hornetgun.cpp
houndeye.cpp
ichthyosaur.cpp
islave.cpp
items.cpp
leech.cpp
lights.cpp
maprules.cpp
monstermaker.cpp
monsters.cpp
monsterstate.cpp
mortar.cpp
mp5.cpp
nihilanth.cpp
nodes.cpp
observer.cpp
osprey.cpp
pathcorner.cpp
plane.cpp
plats.cpp
player.cpp
python.cpp
rat.cpp
roach.cpp
rpg.cpp
satchel.cpp
schedule.cpp
scientist.cpp
scripted.cpp
shotgun.cpp
skill.cpp
sound.cpp
soundent.cpp
spectator.cpp
squadmonster.cpp
squeakgrenade.cpp
subs.cpp
talkmonster.cpp
teamplay_gamerules.cpp
singleplay_gamerules.cpp
tempmonster.cpp
tentacle.cpp
triggers.cpp
tripmine.cpp
turret.cpp
util.cpp
weapons.cpp
zombie.cpp
hl_wpn_glock.cpp
pm_shared.c
pm_math.c
pm_debug.c

--- end ---

Total amount of 106 source file data
----------------------------------
