Log file generated by elf-parser
Input file: X:\Programming\Cheats\Sources\Reverse_8684\dod\cl_dlls\client.so

--- A list of source file data ---

initfini.c
crtstuff.c
crtstuff.c
initfini.c
hl_baseentity.cpp
hl_weapons.cpp
dodviewport.cpp
dodviewport_interface.cpp
ev_hldm.cpp
hud.cpp
cdll_int.cpp
GameStudioModelRenderer.cpp
hud_redraw.cpp
input.cpp
util.cpp
voice_status_hud.cpp
voice_status.cpp
Button.cpp
utlsymbol.cpp
hl_events.cpp
hl_objects.cpp
dodbutton.cpp
dodclassmenu.cpp
dodclientscoreboard.cpp
dodmotd.cpp
dodprogressbar.cpp
dodspectatorgui.cpp
dodteammenu.cpp
hintpanel.cpp
mortarpanel.cpp
widescreenpanel.cpp
studio_util.cpp
inputw32.cpp
message.cpp
ammo.cpp
CClientEnvModel.cpp
com_weapons.cpp
death.cpp
demo.cpp
scope.cpp
DOD_Camera.cpp
dod_common.cpp
dod_crosshair.cpp
dod_fog.cpp
dod_icons.cpp
dod_map.cpp
dod_objectives.cpp
ev_common.cpp
entity.cpp
events.cpp
hud_msg.cpp
hud_spectator.cpp
hud_update.cpp
hud_vgui2print.cpp
in_camera.cpp
menu.cpp
mortarhud.cpp
saytext.cpp
parsemsg.cpp
status_icons.cpp
statusbar.cpp
StudioModelRenderer.cpp
text_message.cpp
train.cpp
tri.cpp
view.cpp
weather.cpp
ParticleShooter.cpp
interface.cpp
voice_banmgr.cpp
30cal.cpp
amer_knife.cpp
bar.cpp
bazooka.cpp
bipod.cpp
bren.cpp
colt.cpp
enfield.cpp
fg42.cpp
garand.cpp
ger_knife.cpp
greasegun.cpp
handgrenade.cpp
handgrenade_ex.cpp
k43.cpp
kar.cpp
knife.cpp
luger.cpp
m1carbine.cpp
mg34.cpp
mg42.cpp
mp40.cpp
mp44.cpp
piat.cpp
pistol.cpp
pschreck.cpp
scoped98k.cpp
spade.cpp
spring.cpp
sten.cpp
stickgrenade.cpp
stickgrenade_ex.cpp
thompson.cpp
webley.cpp
dod_shared.cpp
pm_debug.c
pm_math.c
pm_shared.c
classmenu.cpp
clientmotd.cpp
ClientScoreBoardDialog.cpp
CreateCommandMenu.cpp
SpectatorGUI.cpp
teammenu.cpp
vgui_TeamFortressViewport.cpp
vgui_TeamFortressViewport_msgs.cpp
vguitextwindow.cpp
commandmenu.cpp
TutorWindowManager.cpp
TutorStateWindow.cpp
TutorTextWindow.cpp
BitmapImagePanel.cpp
ComboBox.cpp
controls.cpp
EditablePanel.cpp
FocusNavGroup.cpp
Frame.cpp
HTML.cpp
ImageList.cpp
ImagePanel.cpp
Label.cpp
Menu.cpp
MenuButton.cpp
MenuItem.cpp
MessageBox.cpp
Panel.cpp
ProgressBar.cpp
QueryBox.cpp
RadioButton.cpp
RichText.cpp
ScrollBar.cpp
ScrollBarSlider.cpp
SectionedListPanel.cpp
TextEntry.cpp
TextImage.cpp
ToggleButton.cpp
Tooltip.cpp
URLLabel.cpp
KeyValues.cpp
UtlBuffer.cpp
MemPool.cpp
AnimatingImagePanel.cpp
BuildGroup.cpp
BuildModeDialog.cpp
CheckButton.cpp
Divider.cpp
Image.cpp
PanelListPanel.cpp

--- end ---

Total amount of 158 source file data
----------------------------------
