Log file generated by elf-parser
Input file: X:\Programming\Cheats\Sources\Reverse_8684\ricochet\dlls\ricochet.so

--- A list of source file data ---

initfini.c
crtstuff.c
crtstuff.c
initfini.c
func_tank.cpp
globals.cpp
multiplay_gamerules.cpp
world.cpp
xen.cpp
voice_gamemgr.cpp
airtank.cpp
animating.cpp
animation.cpp
bmodels.cpp
buttons.cpp
cbase.cpp
client.cpp
combat.cpp
disc_arena.cpp
disc_powerups.cpp
doors.cpp
effects.cpp
explode.cpp
func_break.cpp
game.cpp
gamerules.cpp
ggrenade.cpp
h_ai.cpp
h_battery.cpp
h_cycler.cpp
h_export.cpp
healthkit.cpp
items.cpp
lights.cpp
maprules.cpp
mortar.cpp
mpstubb.cpp
observer.cpp
pathcorner.cpp
plane.cpp
plats.cpp
player.cpp
singleplay_gamerules.cpp
skill.cpp
sound.cpp
soundent.cpp
spectator.cpp
subs.cpp
teamplay_gamerules.cpp
triggers.cpp
util.cpp
weapons.cpp
disc_weapon_disc.cpp
pm_shared.c
pm_math.c
pm_debug.c

--- end ---

Total amount of 56 source file data
----------------------------------
