Log file generated by elf-parser
Input file: X:\Programming\Cheats\Sources\Reverse_8684\dod\dlls\dod.so

--- A list of source file data ---

initfini.c
crtstuff.c
crtstuff.c
initfini.c
cbase.cpp
dod_gamerules.cpp
func_tank.cpp
globals.cpp
world.cpp
voice_gamemgr.cpp
alias.cpp
animating.cpp
animation.cpp
bmodels.cpp
bot_allied_barney.cpp
bot_allied_grunt.cpp
bot_axis_grunt.cpp
buttons.cpp
client.cpp
combat.cpp
controller.cpp
defaultai.cpp
dod_stats.cpp
dod_shared.cpp
doors.cpp
effects.cpp
explode.cpp
func_break.cpp
game.cpp
gamerules.cpp
genericmonster.cpp
ggrenade.cpp
h_ai.cpp
h_cine.cpp
h_cycler.cpp
h_export.cpp
hintmessage.cpp
items.cpp
lights.cpp
maprules.cpp
monsters.cpp
monsterstate.cpp
mortar.cpp
nodes.cpp
objectives.cpp
observer.cpp
pathcorner.cpp
plane.cpp
plats.cpp
player.cpp
rat.cpp
roach.cpp
sarge.cpp
schedule.cpp
scripted.cpp
singleplay_gamerules.cpp
skill.cpp
sound.cpp
soundent.cpp
spectator.cpp
squadmonster.cpp
stats.cpp
subs.cpp
talkmonster.cpp
tempmonster.cpp
triggers.cpp
turret.cpp
util.cpp
weapons.cpp
mapmarker.cpp
30cal.cpp
amer_knife.cpp
bar.cpp
bazooka.cpp
bipod.cpp
bren.cpp
colt.cpp
enfield.cpp
fg42.cpp
garand.cpp
ger_knife.cpp
greasegun.cpp
handgrenade.cpp
handgrenade_ex.cpp
k43.cpp
kar.cpp
knife.cpp
luger.cpp
m1carbine.cpp
mg34.cpp
mg42.cpp
mp40.cpp
mp44.cpp
piat.cpp
pistol.cpp
pschreck.cpp
scoped98k.cpp
spade.cpp
spring.cpp
sten.cpp
stickgrenade.cpp
stickgrenade_ex.cpp
thompson.cpp
webley.cpp
pm_debug.c
pm_math.c
pm_shared.c
MemPool.cpp

--- end ---

Total amount of 108 source file data
----------------------------------
