Log file generated by elf-parser
Input file: X:\Programming\Cheats\Sources\Reverse_8684\dmc\dlls\dmc.so

--- A list of source file data ---

initfini.c
crtstuff.c
crtstuff.c
initfini.c
func_tank.cpp
globals.cpp
multiplay_gamerules.cpp
world.cpp
voice_gamemgr.cpp
animating.cpp
animation.cpp
bmodels.cpp
buttons.cpp
cbase.cpp
client.cpp
combat.cpp
doors.cpp
effects.cpp
explode.cpp
func_break.cpp
game.cpp
gamerules.cpp
h_ai.cpp
h_export.cpp
lights.cpp
maprules.cpp
monsters.cpp
monsterstate.cpp
nodes.cpp
observer.cpp
pathcorner.cpp
plane.cpp
plats.cpp
player.cpp
quake_gun.cpp
quake_items.cpp
quake_nail.cpp
quake_player.cpp
quake_rocket.cpp
quake_weapons_all.cpp
schedule.cpp
singleplay_gamerules.cpp
skill.cpp
sound.cpp
spectator.cpp
subs.cpp
teamplay_gamerules.cpp
threewave_gamerules.cpp
triggers.cpp
util.cpp
weapons.cpp
pm_shared.c
pm_math.c
pm_debug.c

--- end ---

Total amount of 54 source file data
----------------------------------
