Log file generated by elf-parser
Input file: X:\Programming\Cheats\Sources\Reverse_8684\gearbox\cl_dlls\client.so

--- A list of source file data ---

initfini.c
crtstuff.c
crtstuff.c
initfini.c
hl_baseentity.cpp
hl_weapons.cpp
hud.cpp
cdll_int.cpp
GameStudioModelRenderer.cpp
util.cpp
voice_status.cpp
hud_spectator.cpp
ev_hldm.cpp
hl_events.cpp
hl_objects.cpp
hud_servers.cpp
inputw32.cpp
ammo.cpp
ammo_secondary.cpp
ammohistory.cpp
battery.cpp
com_weapons.cpp
death.cpp
demo.cpp
entity.cpp
ev_common.cpp
events.cpp
flashlight.cpp
geiger.cpp
health.cpp
hud_bench.cpp
hud_benchtrace.cpp
hud_msg.cpp
hud_redraw.cpp
hud_update.cpp
in_camera.cpp
input.cpp
menu.cpp
message.cpp
saytext.cpp
status_icons.cpp
statusbar.cpp
studio_util.cpp
StudioModelRenderer.cpp
text_message.cpp
train.cpp
tri.cpp
view.cpp
vgui_int.cpp
vgui_ScorePanel.cpp
vgui_ServerBrowser.cpp
vgui_CTFViewport.cpp
vgui_ClassMenu.cpp
vgui_ConsolePanel.cpp
vgui_ControlConfigPanel.cpp
vgui_CustomObjects.cpp
vgui_MOTDWindow.cpp
vgui_SchemeManager.cpp
vgui_StatsMenu.cpp
scoreboard.cpp
flag_icons.cpp
vgui_teammenu.cpp
player_browse.cpp
interface.cpp
validator.cpp
parsemsg.cpp
voice_banmgr.cpp
vgui_loadtga.cpp
crossbow.cpp
crowbar.cpp
displacer.cpp
eagle.cpp
egon.cpp
gauss.cpp
grapple.cpp
handgrenade.cpp
hornetgun.cpp
knife.cpp
m249.cpp
mp5.cpp
penguingrenade.cpp
pipewrench.cpp
python.cpp
rpg.cpp
satchel.cpp
shockrifle.cpp
shotgun.cpp
sniperrifle.cpp
sporelauncher.cpp
squeakgrenade.cpp
tripmine.cpp
hl_wpn_glock.cpp
pm_debug.c
pm_shared.c
pm_math.c

--- end ---

Total amount of 95 source file data
----------------------------------
