Log file generated by elf-parser
Input file: X:\Programming\Cheats\Sources\Reverse_8684\valve\cl_dlls\gameui.so

--- A list of source file data ---

initfini.c
crtstuff.c
crtstuff.c
initfini.c
CareerGame.cpp
GameConsole.cpp
GameUI_Interface.cpp
MusicManager.cpp
RunGameEngine.cpp
VGuiSystemModuleLoader.cpp
utlsymbol.cpp
Button.cpp
CareerBaseFrame.cpp
CareerBotFrame.cpp
CareerBox.cpp
CareerGameTasks.cpp
CareerMapFrame.cpp
CareerProfile.cpp
CareerProfileFrame.cpp
BackgroundMenuButton.cpp
BasePanel.cpp
BitmapButton.cpp
CDKeyEntryDialog.cpp
CreateMultiplayerGameBotPage.cpp
CreateMultiplayerGameDialog.cpp
CreateMultiplayerGameGameplayPage.cpp
CreateMultiplayerGameServerPage.cpp
CvarLatch.cpp
DemoEditDialog.cpp
DemoEventsDialog.cpp
DemoPlayerDialog.cpp
DemoPlayerFileDialog.cpp
DottedLabel.cpp
ImageButton.cpp
labelslidercombo.cpp
LoadingDialog.cpp
LogoFile.cpp
ModInfo.cpp
RefreshSteamLogin.cpp
ScriptObject.cpp
Sys_Utils.cpp
Taskbar.cpp
TaskButton.cpp
TextEntryBox.cpp
BitmapImagePanel.cpp
CommandCheckButton.cpp
CvarNegateCheckButton.cpp
CvarSlider.cpp
CvarTextEntry.cpp
CvarToggleCheckButton.cpp
KeyToggleCheckButton.cpp
LabeledCommandComboBox.cpp
PanelListPanel.cpp
vcontrolslistpanel.cpp
ContentControlDialog.cpp
GameConsoleDialog.cpp
HelpDialog.cpp
LoadGameDialog.cpp
MultiplayerAdvancedDialog.cpp
NewGameDialog.cpp
PlayerListDialog.cpp
SaveGameDialog.cpp
OptionsDialog.cpp
OptionsSubAdvanced.cpp
OptionsSubAudio.cpp
OptionsSubKeyboard.cpp
OptionsSubMouse.cpp
OptionsSubMultiplayer.cpp
OptionsSubVideo.cpp
OptionsSubVoice.cpp
interface.cpp
checksum_md5.cpp
UtlBuffer.cpp
BaseSystemModule.cpp
ObjectList.cpp
parsemsg.cpp
Random.cpp
shared_util.cpp
bot_profile.cpp
DirectorCmd.cpp
byteorder.cpp
BitBuffer.cpp
common.cpp
CareerDefinitions.cpp
CareerProfileButton.cpp
BitmapImagePanel.cpp
BuildGroup.cpp
CheckButton.cpp
ComboBox.cpp
controls.cpp
EditablePanel.cpp
FocusNavGroup.cpp
Frame.cpp
Image.cpp
ImagePanel.cpp
Label.cpp
ListPanel.cpp
Menu.cpp
MenuButton.cpp
MenuItem.cpp
MessageBox.cpp
Panel.cpp
PanelHorizListPanel.cpp
ProgressBar.cpp
PropertyDialog.cpp
PropertyPage.cpp
PropertySheet.cpp
QueryBox.cpp
RadioButton.cpp
RichText.cpp
ScrollBar.cpp
ScrollBarSlider.cpp
SectionedListPanel.cpp
Slider.cpp
TestScriptController.cpp
TextEntry.cpp
TextImage.cpp
ToggleButton.cpp
Tooltip.cpp
URLLabel.cpp
characterset.cpp
filesystem_helpers.cpp
KeyValues.cpp
MemPool.cpp
AnimatingImagePanel.cpp
BuildModeDialog.cpp
Divider.cpp
HTML.cpp
ImageList.cpp
PanelListPanel.cpp

--- end ---

Total amount of 130 source file data
----------------------------------
