Log file generated by elf-parser
Input file: X:\Programming\Cheats\Sources\Reverse_8684\tfc\cl_dlls\client.so

--- A list of source file data ---

initfini.c
crtstuff.c
crtstuff.c
initfini.c
ev_tfc.cpp
tf_baseentity.cpp
tf_weapons.cpp
hud.cpp
cdll_int.cpp
GameStudioModelRenderer.cpp
util.cpp
voice_status.cpp
hud_spectator.cpp
tf_events.cpp
tf_objects.cpp
inputw32.cpp
ammo.cpp
ammo_secondary.cpp
ammohistory.cpp
battery.cpp
com_weapons.cpp
death.cpp
demo.cpp
entity.cpp
ev_common.cpp
events.cpp
flashlight.cpp
geiger.cpp
health.cpp
hud_bench.cpp
hud_benchtrace.cpp
hud_msg.cpp
hud_redraw.cpp
hud_update.cpp
in_camera.cpp
input.cpp
interpolation.cpp
menu.cpp
message.cpp
saytext.cpp
status_icons.cpp
statusbar.cpp
studio_util.cpp
StudioModelRenderer.cpp
text_message.cpp
train.cpp
tri.cpp
view.cpp
vgui_int.cpp
vgui_ClassMenu.cpp
vgui_ConsolePanel.cpp
vgui_ControlConfigPanel.cpp
vgui_CustomObjects.cpp
vgui_MOTDWindow.cpp
vgui_SchemeManager.cpp
vgui_ScorePanel.cpp
vgui_ServerBrowser.cpp
vgui_TeamFortressViewport.cpp
vgui_SpectatorPanel.cpp
vgui_teammenu.cpp
hud_servers.cpp
interface.cpp
validator.cpp
parsemsg.cpp
vgui_checkbutton2.cpp
vgui_grid.cpp
vgui_helpers.cpp
vgui_listbox.cpp
vgui_loadtga.cpp
vgui_scrollbar2.cpp
vgui_slider2.cpp
voice_banmgr.cpp
pm_debug.c
pm_shared.c
pm_math.c
tf_bench.cpp
tf_wpn_ac.cpp
tf_wpn_ar.cpp
tf_wpn_axe.cpp
tf_wpn_flame.cpp
tf_wpn_gl.cpp
tf_wpn_ic.cpp
tf_wpn_ng.cpp
tf_wpn_railgun.cpp
tf_wpn_rpg.cpp
tf_wpn_sg.cpp
tf_wpn_srifle.cpp
tf_wpn_tranq.cpp

--- end ---

Total amount of 88 source file data
----------------------------------
