Log file generated by elf-parser
Input file: X:\Programming\Cheats\Sources\Reverse_8684\chromehtml.so

--- A list of source file data ---

initfini.c
crtstuff.c
crtstuff.c
initfini.c
chromewrapper.cpp
html_chrome.cpp
htmlmessages.pb.cc
interface.cpp
utlbuffer.cpp
hltmserializer_hl.cpp
htmlprotobuf.cpp
common.cc
message_lite.cc
repeated_field.cc
wire_format_lite.cc
coded_stream.cc
zero_copy_stream_impl_lite.cc
descriptor.cc
descriptor.pb.cc
descriptor_database.cc
extension_set_heavy.cc
generated_message_reflection.cc
message.cc
reflection_ops.cc
text_format.cc
unknown_field_set.cc
wire_format.cc
tokenizer.cc
zero_copy_stream_impl.cc
extension_set.cc
zero_copy_stream.cc
strutil.cc
substitute.cc
structurally_valid.cc
libcef_dll_wrapper.cc
app_cpptoc.cc
browser_ctocpp.cc
client_cpptoc.cc
cookie_visitor_cpptoc.cc
display_handler_cpptoc.cc
drag_handler_cpptoc.cc
find_handler_cpptoc.cc
focus_handler_cpptoc.cc
frame_ctocpp.cc
jsdialog_handler_cpptoc.cc
keyboard_handler_cpptoc.cc
life_span_handler_cpptoc.cc
load_handler_cpptoc.cc
menu_handler_cpptoc.cc
permission_handler_cpptoc.cc
post_data_ctocpp.cc
post_data_element_ctocpp.cc
print_handler_cpptoc.cc
proxy_handler_cpptoc.cc
render_handler_cpptoc.cc
request_ctocpp.cc
request_handler_cpptoc.cc
response_ctocpp.cc
scheme_handler_factory_cpptoc.cc
security_details_ctocpp.cc
storage_visitor_cpptoc.cc
stream_reader_ctocpp.cc
task_cpptoc.cc
v8context_ctocpp.cc
v8context_handler_cpptoc.cc
v8handler_cpptoc.cc
v8value_ctocpp.cc
transfer_util.cpp
content_filter_cpptoc.cc
domnode_ctocpp.cc
domvisitor_cpptoc.cc
download_handler_cpptoc.cc
drag_data_ctocpp.cc
read_handler_cpptoc.cc
scheme_handler_cpptoc.cc
scheme_handler_callback_ctocpp.cc
v8accessor_cpptoc.cc
v8exception_ctocpp.cc
domdocument_ctocpp.cc
domevent_listener_cpptoc.cc
domevent_ctocpp.cc
libgcc2.c
libgcc2.c
libgcc2.c

--- end ---

Total amount of 84 source file data
----------------------------------
