Log file generated by elf-parser
Input file: X:\Programming\Cheats\Sources\Reverse_8684\core.so

--- A list of source file data ---

initfini.c
crtstuff.c
crtstuff.c
initfini.c
Core.cpp
Network.cpp
World.cpp
BitBuffer.cpp
byteorder.cpp
DemoFile.cpp
DirectorCmd.cpp
InfoString.cpp
mathlib.cpp
common.cpp
random.cpp
md5.cpp
munge.cpp
NetAddress.cpp
NetChannel.cpp
BSPModel.cpp
delta.cpp
NetSocket.cpp
Server.cpp
BaseSystemModule.cpp
ObjectList.cpp
ObjectDictionary.cpp
TokenLine.cpp
interface.cpp
bzlib.c
crctable.c
randtable.c
compress.c
decompress.c
blocksort.c
huffman.c

--- end ---

Total amount of 35 source file data
----------------------------------
