Log file generated by elf-parser
Input file: X:\Programming\Cheats\Sources\Reverse_8684\engine_i486.so

--- A list of source file data ---

initfini.c
crtstuff.c
crtstuff.c
initfini.c
filesystem.cpp
sys_dll2.cpp
SystemWrapper.cpp
sys_engine.cpp
sys_linuxwind.cpp
traceinit.cpp
sv_remoteaccess.cpp
ipratelimitWrapper.cpp
sv_steam3.cpp
registry.cpp
buildnum.c
cmd.c
cmodel.c
com_custom.c
common.c
cvar.c
crc.c
cl_null.c
draw.c
decals.c
delta.c
filesystem_internal.cpp
LoadBlob.cpp
hashpak.c
host.c
host_cmd.c
info.c
l_studio.c
mathlib.c
mem.c
model.c
module.cpp
net_chan.c
physics.c
pmove.c
pmovetst.c
pr_cmds.c
pr_edict.c
pr_exec.c
r_studio.c
snd_null.c
sv_secure.c
sys_dll.c
sys_meta.c
sv_log.c
sv_main.c
sv_move.c
sv_pmove.c
sv_phys.c
sv_upld.c
sv_user.c
tmessage.c
textures.c
wad.c
world.c
zone.c
net_ws.c
vid_null.c
update.c
ipratelimit.cpp
download.cpp
czmodelcheck.cpp
unicode_strtools.cpp
ObjectList.cpp
TokenLine.cpp
BaseSystemModule.cpp
steamid.cpp
interface.cpp
UtlBuffer.cpp
bzlib.c
crctable.c
randtable.c
compress.c
decompress.c
blocksort.c
huffman.c

--- end ---

Total amount of 80 source file data
----------------------------------
