Log file generated by elf-parser
Input file: X:\Programming\Cheats\Sources\Reverse_8684\hw - Copy.so

--- A list of source file data ---

initfini.c
crtstuff.c
crtstuff.c
initfini.c
GL_RSURF.C
filesystem.cpp
sys_dll2.cpp
SystemWrapper.cpp
sys_engine.cpp
traceinit.cpp
sv_remoteaccess.cpp
ipratelimitWrapper.cpp
download.cpp
sv_steam3.cpp
vgui_EngineSurfaceHW.cpp
DetailTexture.cpp
vgui_intwrap2.cpp
vgui_intwrap.cpp
voice.cpp
VGUI_EngineSurfaceWrap.cpp
vgui_EngineSurface.cpp
cd.cpp
thread.cpp
sys_sdlwind.cpp
registry.cpp
text_draw.cpp
BaseUI_Interface.cpp
BaseUISurface.cpp
BaseUISurface_Font.cpp
FontManager.cpp
linuxfont.cpp
utlsymbol.cpp
Button.cpp
buildnum.c
cmd.c
cmodel.c
com_custom.c
common.c
cvar.c
crc.c
decals.c
delta.c
filesystem_internal.cpp
LoadBlob.cpp
hashpak.c
host.c
host_cmd.c
info.c
l_studio.c
mathlib.c
mem.c
module.cpp
net_chan.c
physics.c
pmove.c
pmovetst.c
pr_cmds.c
pr_edict.c
pr_exec.c
r_studio.c
sv_secure.c
sys_dll.c
sys_meta.c
sv_log.c
sv_main.c
sv_move.c
sv_pmove.c
sv_phys.c
sv_upld.c
sv_user.c
tmessage.c
textures.c
wad.c
world.c
zone.c
net_ws.c
update.c
ipratelimit.cpp
czmodelcheck.cpp
cl_ents.c
cl_draw.c
cl_parsefn.c
cl_pmove.c
cl_pred.c
cl_extrap.c
cl_spectator.c
CL_DEMO.C
CL_MAIN.C
CL_TENT.C
CL_PARSE.C
GL_DRAW.C
GL_MODEL.C
cdll_int.c
qgl.c
VIEW.C
gl_screen.c
GL_RMAIN.C
GL_VIDNT.C
GL_MESH.C
Sequence.c
GL_WARP.C
gl_rlight.c
R_PART.C
cdll_exp.c
pmovedbg.c
gl_refrag.c
glHud.c
CONSOLE.C
SND_DMA.C
SND_MIX.C
SND_MEM.C
voice_gain.cpp
KEYS.C
vgui_int.cpp
chase.c
net_api.c
bitmap_win.c
CircularBuffer.cpp
voice_sound_engine_interface.cpp
GL_RMISC.C
DemoPlayerWrapper.cpp
vgui_EngineSurfaceWin32.cpp
r_triangle.c
r_trans.c
r_efx.c
eventapi.c
voice_wavefile.cpp
HUD.c
sys_getmodes.cpp
voice_record_openal.cpp
voice_mixer_controls_openal.cpp
unicode_strtools.cpp
snd_sdl.c
ObjectList.cpp
TokenLine.cpp
BaseSystemModule.cpp
Info.cpp
steamid.cpp
interface.cpp
UtlBuffer.cpp
FontTextureCache.cpp
FontAmalgam.cpp
vgui_key_translation.cpp
bzlib.c
crctable.c
randtable.c
compress.c
decompress.c
blocksort.c
huffman.c
controls.cpp
EditablePanel.cpp
FocusNavGroup.cpp
ImagePanel.cpp
Label.cpp
Menu.cpp
MenuItem.cpp
MessageBox.cpp
Panel.cpp
ProgressBar.cpp
RadioButton.cpp
RichText.cpp
ScrollBar.cpp
ScrollBarSlider.cpp
TextEntry.cpp
TextImage.cpp
ToggleButton.cpp
Tooltip.cpp
URLLabel.cpp
KeyValues.cpp
MemPool.cpp
AnimatingImagePanel.cpp
BitmapImagePanel.cpp
BuildGroup.cpp
BuildModeDialog.cpp
CheckButton.cpp
ComboBox.cpp
Divider.cpp
Frame.cpp
HTML.cpp
Image.cpp
MenuButton.cpp
PanelListPanel.cpp
QueryBox.cpp

--- end ---

Total amount of 184 source file data
----------------------------------
