Log file generated by elf-parser
Input file: X:\Programming\Cheats\Sources\Reverse_8684\libcef.so

--- A list of source file data ---

crtstuff.c
crtstuff.c
atomicops_internals_x86_gcc.cc
stack_trace_posix.cc
watchdog.cc
gurl.cc
buffers.cc
spdy_frame_builder.cc
spdy_framer.cc
addrcache.cc
blockhash.cc
codetable.cc
decodetable.cc
encodetable.cc
headerparser.cc
logging.cc
varint_bigendian.cc
vcdecoder.cc
vcdiffengine.cc
SkPixelRef.cpp
SkTypefaceCache.cpp
GrGpu.cpp
SkGrTexturePixelRef.cpp
SkFontHost_FreeType.cpp
SkMatrix44.cpp
SkMemory_new_handler.cpp
SkFontHost_fontconfig.cpp
comparator.cc
cef_context.cc
cef_thread.cc
assembler.cc
atomicops_internals_x86_gcc.cc
builtins.cc
flags.cc
frames.cc
hashmap.cc
heap.cc
isolate.cc
lithium-allocator.cc
log.cc
runtime-profiler.cc
scopes.cc
v8.cc
code-stubs-ia32.cc
platform-linux.cc
platform-posix.cc
logging.cc
break-iterator.cc
collator.cc
datetime-format.cc
number-format.cc
libcef_dll.cc
libcef_dll2.cc
transfer_util.cpp
app_ctocpp.cc
browser_cpptoc.cc
client_ctocpp.cc
command_line_cpptoc.cc
content_filter_ctocpp.cc
cookie_visitor_ctocpp.cc
domdocument_cpptoc.cc
domevent_cpptoc.cc
domevent_listener_ctocpp.cc
domnode_cpptoc.cc
domvisitor_ctocpp.cc
display_handler_ctocpp.cc
download_handler_ctocpp.cc
drag_data_cpptoc.cc
drag_handler_ctocpp.cc
find_handler_ctocpp.cc
focus_handler_ctocpp.cc
frame_cpptoc.cc
jsdialog_handler_ctocpp.cc
keyboard_handler_ctocpp.cc
life_span_handler_ctocpp.cc
load_handler_ctocpp.cc
menu_handler_ctocpp.cc
permission_handler_ctocpp.cc
post_data_cpptoc.cc
post_data_element_cpptoc.cc
print_handler_ctocpp.cc
proxy_handler_ctocpp.cc
read_handler_ctocpp.cc
render_handler_ctocpp.cc
request_cpptoc.cc
request_handler_ctocpp.cc
response_cpptoc.cc
scheme_handler_ctocpp.cc
scheme_handler_callback_cpptoc.cc
scheme_handler_factory_ctocpp.cc
security_details_cpptoc.cc
storage_visitor_ctocpp.cc
stream_reader_cpptoc.cc
stream_writer_cpptoc.cc
task_ctocpp.cc
v8accessor_ctocpp.cc
v8context_cpptoc.cc
v8context_handler_ctocpp.cc
v8exception_cpptoc.cc
v8handler_ctocpp.cc
v8value_cpptoc.cc
web_urlrequest_cpptoc.cc
web_urlrequest_client_ctocpp.cc
write_handler_ctocpp.cc
xml_reader_cpptoc.cc
zip_reader_cpptoc.cc
base64.cc
file_descriptor_shuffle.cc
linux_util.cc
md5.cc
message_pump_glib.cc
message_pump_gtk.cc
message_pump_libevent.cc
field_trial.cc
string16.cc
time_posix.cc
dtoa_wrapper.cc
icu_utf.cc
prtime.cc
at_exit.cc
base_paths.cc
base_paths_posix.cc
build_time.cc
callback_internal.cc
command_line.cc
cpu.cc
alias.cc
debugger_posix.cc
trace_event.cc
environment.cc
file_path.cc
file_util.cc
file_util_posix.cc
file_util_proxy.cc
file_path_watcher.cc
file_path_watcher_linux.cc
global_descriptors_posix.cc
string_escape.cc
lazy_instance.cc
location.cc
logging.cc
ref_counted.cc
ref_counted_memory.cc
singleton.cc
weak_ptr.cc
message_loop.cc
message_loop_proxy.cc
message_loop_proxy_impl.cc
message_pump.cc
message_pump_default.cc
histogram.cc
stats_counters.cc
stats_table.cc
native_library_posix.cc
path_service.cc
pending_task.cc
pickle.cc
platform_file.cc
platform_file_posix.cc
process_util_linux.cc
process_util_posix.cc
tracked_time.cc
property_bag.cc
rand_util.cc
rand_util_posix.cc
safe_strerror_posix.cc
scoped_temp_dir.cc
sha1_portable.cc
shared_memory_posix.cc
string_number_conversions.cc
string_piece.cc
string_split.cc
string_util.cc
stringprintf.cc
condition_variable_posix.cc
lock_impl_posix.cc
waitable_event_posix.cc
system_monitor.cc
sys_info_linux.cc
sys_info_posix.cc
sys_string_conversions_posix.cc
task.cc
platform_thread_posix.cc
post_task_and_reply_impl.cc
simple_thread.cc
thread.cc
thread_local_posix.cc
thread_local_storage_posix.cc
worker_pool_posix.cc
time.cc
timer.cc
tracked_objects.cc
tracking_info.cc
utf_offset_string_conversions.cc
utf_string_conversion_utils.cc
utf_string_conversions.cc
values.cc
version.cc
vlog.cc
mime_util_xdg.cc
xdg_util.cc
char_iterator.cc
case_conversion.cc
file_util_icu.cc
icu_encoding_detection.cc
icu_string_conversions.cc
icu_util.cc
rtl.cc
time_formatting.cc
url_canon_etc.cc
url_canon_fileurl.cc
url_canon_host.cc
url_canon_icu.cc
url_canon_internal.cc
url_canon_ip.cc
url_canon_mailtourl.cc
url_canon_path.cc
url_canon_pathurl.cc
url_canon_query.cc
url_canon_relative.cc
url_canon_stdurl.cc
url_parse.cc
url_parse_file.cc
url_util.cc
audio_buffers_state.cc
audio_input_controller.cc
audio_device_name.cc
audio_manager.cc
audio_manager_base.cc
audio_output_controller.cc
audio_output_dispatcher.cc
audio_output_proxy.cc
audio_parameters.cc
audio_util.cc
fake_audio_input_stream.cc
fake_audio_output_stream.cc
audio_manager_linux.cc
alsa_input.cc
alsa_output.cc
alsa_util.cc
alsa_wrapper.cc
async_filter_factory_base.cc
audio_decoder_config.cc
byte_queue.cc
channel_layout.cc
clock.cc
composite_data_source_factory.cc
composite_filter.cc
data_buffer.cc
data_source.cc
demuxer.cc
demuxer_stream.cc
download_rate_monitor.cc
filter_collection.cc
filter_factories.cc
filters.cc
h264_bitstream_converter.cc
media_log.cc
media_posix.cc
message_loop_factory.cc
message_loop_factory_impl.cc
pipeline_impl.cc
pts_heap.cc
pts_stream.cc
seekable_buffer.cc
state_matrix.cc
video_decoder_config.cc
video_frame.cc
video_util.cc
ffmpeg_common.cc
audio_file_reader.cc
audio_renderer_algorithm_base.cc
audio_renderer_base.cc
bitstream_converter.cc
chunk_demuxer.cc
chunk_demuxer_factory.cc
dummy_demuxer.cc
dummy_demuxer_factory.cc
ffmpeg_audio_decoder.cc
ffmpeg_demuxer.cc
ffmpeg_demuxer_factory.cc
ffmpeg_h264_bitstream_converter.cc
ffmpeg_glue.cc
ffmpeg_video_decoder.cc
gpu_video_decoder.cc
in_memory_url_protocol.cc
null_audio_renderer.cc
reference_audio_renderer.cc
video_renderer_base.cc
webm_cluster_parser.cc
webm_info_parser.cc
webm_parser.cc
webm_tracks_parser.cc
address_list.cc
address_list_net_log_param.cc
asn1_util.cc
auth.cc
backoff_entry.cc
bandwidth_metrics.cc
capturing_net_log.cc
cert_database.cc
cert_database_nss.cc
cert_status_flags.cc
cert_verifier.cc
cert_verify_result.cc
completion_callback.cc
connection_type_histograms.cc
cookie_monster.cc
cookie_store.cc
cookie_util.cc
crl_set.cc
crypto_module_nss.cc
data_url.cc
default_origin_bound_cert_store.cc
directory_lister.cc
dns_reloader.cc
dns_util.cc
dnssec_chain_verifier.cc
dnssec_keyset.cc
escape.cc
ev_root_ca_metadata.cc
file_stream_metrics.cc
file_stream_metrics_posix.cc
file_stream_posix.cc
filter.cc
gzip_filter.cc
gzip_header.cc
host_cache.cc
host_mapping_rules.cc
host_port_pair.cc
host_resolver.cc
host_resolver_impl.cc
host_resolver_proc.cc
io_buffer.cc
ip_endpoint.cc
listen_socket.cc
mime_util.cc
net_errors.cc
net_errors_posix.cc
net_log.cc
net_module.cc
net_util.cc
net_util_posix.cc
network_change_notifier.cc
network_change_notifier_linux.cc
network_change_notifier_netlink_linux.cc
network_delegate.cc
nss_memio.c
origin_bound_cert_service.cc
origin_bound_cert_store.cc
pem_tokenizer.cc
platform_mime_util_linux.cc
registry_controlled_domain.cc
sdch_filter.cc
sdch_manager.cc
single_request_host_resolver.cc
ssl_cert_request_info.cc
ssl_client_auth_cache.cc
ssl_config_service.cc
ssl_config_service_defaults.cc
ssl_false_start_blacklist.cc
ssl_info.cc
static_cookie_policy.cc
test_root_certs_nss.cc
transport_security_state.cc
upload_data.cc
upload_data_stream.cc
x509_cert_types.cc
x509_certificate.cc
x509_certificate_net_log_param.cc
x509_certificate_nss.cc
x509_util_nss.cc
zap.cc
addr.cc
backend_impl.cc
bitmap.cc
block_files.cc
cache_util_posix.cc
disk_format.cc
entry_impl.cc
eviction.cc
file.cc
file_lock.cc
file_posix.cc
hash.cc
in_flight_backend_io.cc
in_flight_io.cc
mapped_file_posix.cc
mem_backend_impl.cc
mem_entry_impl.cc
mem_rankings.cc
net_log_parameters.cc
rankings.cc
sparse_control.cc
stats.cc
stats_histogram.cc
trace.cc
async_host_resolver.cc
dns_config_service.cc
dns_hosts.cc
ftp_auth_cache.cc
ftp_ctrl_response_buffer.cc
ftp_directory_listing_parser.cc
ftp_directory_listing_parser_ls.cc
ftp_directory_listing_parser_netware.cc
ftp_directory_listing_parser_os2.cc
ftp_directory_listing_parser_vms.cc
ftp_directory_listing_parser_windows.cc
ftp_network_layer.cc
ftp_network_session.cc
ftp_network_transaction.cc
ftp_response_info.cc
ftp_server_type_histograms.cc
ftp_util.cc
des.cc
disk_cache_based_ssl_host_info.cc
http_auth.cc
http_auth_cache.cc
http_auth_controller.cc
http_auth_gssapi_posix.cc
http_auth_handler.cc
http_auth_handler_basic.cc
http_auth_handler_digest.cc
http_auth_handler_factory.cc
http_auth_handler_negotiate.cc
http_auth_handler_ntlm.cc
http_auth_handler_ntlm_portable.cc
http_basic_stream.cc
http_byte_range.cc
http_cache.cc
http_cache_transaction.cc
http_chunked_decoder.cc
http_mac_signature.cc
http_net_log_params.cc
http_network_layer.cc
http_network_session.cc
http_network_transaction.cc
http_pipelined_connection_impl.cc
http_pipelined_host_impl.cc
http_pipelined_host_pool.cc
http_pipelined_stream.cc
http_proxy_client_socket.cc
http_proxy_client_socket_pool.cc
http_proxy_utils.cc
http_request_headers.cc
http_request_info.cc
http_response_body_drainer.cc
http_response_headers.cc
http_response_info.cc
http_server_properties_impl.cc
http_stream_factory.cc
http_stream_factory_impl.cc
http_stream_factory_impl_job.cc
http_stream_factory_impl_request.cc
http_stream_parser.cc
http_util.cc
http_util_icu.cc
http_vary_data.cc
md4.cc
partial_data.cc
url_security_manager.cc
url_security_manager_posix.cc
nss_ocsp.cc
multi_threaded_proxy_resolver.cc
polling_proxy_config_service.cc
proxy_bypass_rules.cc
proxy_config.cc
proxy_config_service_linux.cc
proxy_info.cc
proxy_list.cc
proxy_resolver_script_data.cc
proxy_resolver_v8.cc
proxy_script_decider.cc
proxy_server.cc
proxy_service.cc
client_socket_factory.cc
client_socket_handle.cc
client_socket_pool.cc
client_socket_pool_base.cc
client_socket_pool_histograms.cc
client_socket_pool_manager.cc
client_socket_pool_manager_impl.cc
nss_ssl_util.cc
socks5_client_socket.cc
socks_client_socket.cc
socks_client_socket_pool.cc
ssl_client_socket.cc
ssl_client_socket_nss.cc
ssl_client_socket_pool.cc
ssl_error_params.cc
ssl_host_info.cc
stream_socket.cc
tcp_client_socket.cc
tcp_client_socket_libevent.cc
transport_client_socket_pool.cc
web_socket_server_socket.cc
socket_stream.cc
socket_stream_job.cc
socket_stream_job_manager.cc
socket_stream_metrics.cc
buffered_spdy_framer.cc
spdy_http_stream.cc
spdy_http_utils.cc
spdy_io_buffer.cc
spdy_proxy_client_socket.cc
spdy_session.cc
spdy_session_pool.cc
spdy_settings_storage.cc
spdy_stream.cc
spdy_websocket_stream.cc
nsNSSCertificateDB.cpp
udp_client_socket.cc
udp_data_transfer_param.cc
udp_socket_libevent.cc
url_request.cc
url_request_about_job.cc
url_request_context.cc
url_request_context_storage.cc
url_request_data_job.cc
url_request_error_job.cc
url_request_file_dir_job.cc
url_request_file_job.cc
url_request_filter.cc
url_request_ftp_job.cc
url_request_http_job.cc
url_request_job.cc
url_request_job_factory.cc
url_request_job_manager.cc
url_request_netlog_params.cc
url_request_redirect_job.cc
url_request_simple_job.cc
url_request_test_job.cc
url_request_throttler_entry.cc
url_request_throttler_header_adapter.cc
url_request_throttler_manager.cc
websocket_frame_handler.cc
websocket_handshake_handler.cc
websocket_job.cc
websocket_net_log_params.cc
websocket_throttle.cc
print_backend.cc
metafile_skia_wrapper.cc
pdf_metafile_skia.cc
printed_document.cc
printed_page.cc
print_settings_initializer_gtk.cc
print_backend_cups.cc
adler32.c
Sk64.cpp
SkAAClip.cpp
SkAdvancedTypefaceMetrics.cpp
SkAlphaRuns.cpp
SkBitmap.cpp
SkBitmapProcShader.cpp
SkBitmapProcState.cpp
SkBitmapProcState_matrixProcs.cpp
SkBlitMask_D32.cpp
SkBlitRow_D16.cpp
SkBlitRow_D32.cpp
SkBlitRow_D4444.cpp
SkBlitter.cpp
SkBlitter_4444.cpp
SkBlitter_A1.cpp
SkBlitter_A8.cpp
SkBlitter_ARGB32.cpp
SkBlitter_RGB16.cpp
SkBlitter_Sprite.cpp
SkBuffer.cpp
SkCanvas.cpp
SkChunkAlloc.cpp
SkClampRange.cpp
SkClipStack.cpp
SkColor.cpp
SkColorFilter.cpp
SkColorTable.cpp
SkComposeShader.cpp
SkData.cpp
SkDeque.cpp
SkDevice.cpp
SkDraw.cpp
SkEdgeBuilder.cpp
SkEdgeClipper.cpp
SkEdge.cpp
SkFlattenable.cpp
SkFloatBits.cpp
SkFontHost.cpp
SkGeometry.cpp
SkGlyphCache.cpp
SkGraphics.cpp
SkLineClipper.cpp
SkMallocPixelRef.cpp
SkMask.cpp
SkMaskFilter.cpp
SkMath.cpp
SkMatrix.cpp
SkMetaData.cpp
SkPackBits.cpp
SkPaint.cpp
SkPath.cpp
SkPathHeap.cpp
SkPathMeasure.cpp
SkPicture.cpp
SkPictureFlat.cpp
SkPicturePlayback.cpp
SkPictureRecord.cpp
SkPoint.cpp
SkPtrRecorder.cpp
SkRasterClip.cpp
SkRasterizer.cpp
SkRect.cpp
SkRegion.cpp
SkRegion_path.cpp
SkScalerContext.cpp
SkScan.cpp
SkScan_AntiPath.cpp
SkScan_Antihair.cpp
SkScan_Hairline.cpp
SkScan_Path.cpp
SkShader.cpp
SkSpriteBlitter_ARGB32.cpp
SkSpriteBlitter_RGB16.cpp
SkStream.cpp
SkString.cpp
SkStroke.cpp
SkStrokerPriv.cpp
SkTSearch.cpp
SkTypeface.cpp
SkUnPreMultiply.cpp
SkUtils.cpp
SkWriter32.cpp
SkXfermode.cpp
SkBitmapCache.cpp
SkBlurImageFilter.cpp
SkBlurMask.cpp
SkBlurMaskFilter.cpp
SkColorFilters.cpp
SkCornerPathEffect.cpp
SkDashPathEffect.cpp
SkGradientShader.cpp
SkLayerDrawLooper.cpp
GrAAHairLinePathRenderer.cpp
GrAddPathRenderers_aahairline.cpp
GrAllocPool.cpp
GrAtlas.cpp
GrBufferAllocPool.cpp
GrClip.cpp
GrContext.cpp
GrDefaultPathRenderer.cpp
GrDrawTarget.cpp
GrGLDefaultInterface_none.cpp
GrGLIndexBuffer.cpp
GrGLInterface.cpp
GrGLProgram.cpp
GrGLRenderTarget.cpp
GrGLStencilBuffer.cpp
GrGLSL.cpp
GrGLTexture.cpp
GrGLUtil.cpp
GrGLVertexBuffer.cpp
GrGpuFactory.cpp
GrGpuGL.cpp
GrGpuGLShaders.cpp
GrInOrderDrawBuffer.cpp
GrMatrix.cpp
GrMemory.cpp
GrPathRenderer.cpp
GrPathRendererChain.cpp
GrPathUtils.cpp
GrPrintf_skia.cpp
GrRectanizer_fifo.cpp
GrRenderTarget.cpp
GrResource.cpp
GrResourceCache.cpp
GrStencil.cpp
GrStencilBuffer.cpp
GrTexture.cpp
GrTextContext.cpp
GrTextStrike.cpp
SkGpuDevice.cpp
SkGrFontScaler.cpp
SkGr.cpp
opts_check_SSE2.cpp
SkFontHost_tables.cpp
SkFontHost_gamma_none.cpp
bitmap_platform_device_linux.cc
convolver.cc
google_logging.cc
image_operations.cc
SkThread_chrome.cc
platform_canvas.cc
platform_canvas_linux.cc
platform_device.cc
platform_device_linux.cc
SkFontHost_fontconfig_direct.cpp
ffmpeg_stubs.cc
astro.cpp
basictz.cpp
bocsu.c
buddhcal.cpp
calendar.cpp
cecal.cpp
chnsecal.cpp
choicfmt.cpp
coleitr.cpp
coll.cpp
coptccal.cpp
csdetect.cpp
csmatch.cpp
csr2022.cpp
csrecog.cpp
csrmbcs.cpp
csrsbcs.cpp
csrucode.cpp
csrutf8.cpp
curramt.cpp
currpinf.cpp
currunit.cpp
datefmt.cpp
dcfmtsym.cpp
decContext.c
decNumber.c
decimfmt.cpp
digitlst.cpp
dtfmtsym.cpp
dtptngen.cpp
dtrule.cpp
ethpccal.cpp
fmtable.cpp
format.cpp
fphdlimp.cpp
fpositer.cpp
gregocal.cpp
gregoimp.cpp
hebrwcal.cpp
indiancal.cpp
inputext.cpp
islamcal.cpp
japancal.cpp
measure.cpp
msgfmt.cpp
nfrs.cpp
nfrule.cpp
nfsubs.cpp
numfmt.cpp
numsys.cpp
olsontz.cpp
persncal.cpp
plurfmt.cpp
plurrule.cpp
rbnf.cpp
regexcmp.cpp
regexst.cpp
regextxt.cpp
reldtfmt.cpp
rematch.cpp
repattrn.cpp
selfmt.cpp
simpletz.cpp
smpdtfmt.cpp
sortkey.cpp
taiwncal.cpp
tblcoll.cpp
timezone.cpp
tzrule.cpp
tztrans.cpp
ucln_in.c
ucol.cpp
ucol_bld.cpp
ucol_cnt.cpp
ucol_elm.cpp
ucol_res.cpp
ucol_tok.cpp
ucol_wgt.cpp
ucoleitr.cpp
ucsdet.cpp
ucurr.cpp
uregex.cpp
usearch.cpp
zonemeta.cpp
zstrfmt.cpp
bmpset.cpp
brkeng.cpp
brkiter.cpp
caniter.cpp
chariter.cpp
charstr.cpp
cmemory.c
cstring.c
dictbe.cpp
filterednormalizer2.cpp
icuplug.c
locavailable.cpp
locbased.cpp
locdispnames.cpp
locid.cpp
loclikely.cpp
locresdata.cpp
locutil.cpp
mutex.cpp
normalizer2.cpp
normalizer2impl.cpp
normlzr.cpp
parsepos.cpp
propname.cpp
punycode.c
putil.c
rbbi.cpp
rbbidata.cpp
rbbinode.cpp
rbbirb.cpp
rbbiscan.cpp
rbbisetb.cpp
rbbistbl.cpp
rbbitblb.cpp
resbund.cpp
ruleiter.cpp
schriter.cpp
serv.cpp
servlk.cpp
servlkf.cpp
servls.cpp
servnotf.cpp
servrbf.cpp
servslkf.cpp
stringpiece.cpp
triedict.cpp
uarrsort.c
ubidi_props.c
ubrk.cpp
ucase.c
uchar.c
uchriter.cpp
ucln_cmn.c
ucmndata.c
ucnv.c
ucnv2022.c
ucnv_bld.c
ucnv_cb.c
ucnv_cnv.c
ucnv_err.c
ucnv_ext.c
ucnv_io.c
ucnv_lmb.c
ucnv_u16.c
ucnv_u32.c
ucnv_u7.c
ucnv_u8.c
ucnvbocu.c
ucnvhz.c
ucnvisci.c
ucnvlat1.c
ucnvmbcs.c
ucnvscsu.c
udata.cpp
udatamem.c
uenum.c
uhash.c
uhash_us.cpp
uidna.cpp
uinit.c
uinvchar.c
uiter.cpp
uloc.c
uloc_tag.c
umapfile.c
umath.c
umutex.c
unames.c
unifilt.cpp
unifunct.cpp
uniset.cpp
uniset_props.cpp
unisetspan.cpp
unistr.cpp
unistr_case.cpp
unistr_cnv.cpp
unistr_props.cpp
unorm.cpp
unorm_it.c
uobject.cpp
uprops.cpp
uresbund.c
uresdata.c
uscript.c
uset.cpp
uset_props.cpp
usetiter.cpp
usprep.cpp
ustack.cpp
ustr_cnv.c
ustrcase.c
ustrenum.cpp
ustrfmt.c
ustring.c
ustrtrns.c
utext.cpp
utf_impl.c
util.cpp
utrie.c
utrie2.cpp
utrie2_builder.c
utypes.c
uvector.cpp
uvectr32.cpp
uvectr64.cpp
env_chromium.cc
port_chromium.cc
builder.cc
db_impl.cc
db_iter.cc
filename.cc
dbformat.cc
log_reader.cc
log_writer.cc
memtable.cc
repair.cc
table_cache.cc
version_edit.cc
version_set.cc
write_batch.cc
memenv.cc
block.cc
block_builder.cc
format.cc
iterator.cc
merger.cc
table.cc
table_builder.cc
two_level_iterator.cc
arena.cc
cache.cc
coding.cc
crc32c.cc
env.cc
hash.cc
logging.cc
options.cc
status.cc
jcapimin.c
jcapistd.c
jcarith.c
jccoefct.c
jccolor.c
jcdctmgr.c
jchuff.c
jcinit.c
jcmainct.c
jcmarker.c
jcmaster.c
jcomapi.c
jcparam.c
jcphuff.c
jcprepct.c
jcsample.c
jdapimin.c
jdapistd.c
jdarith.c
jdcoefct.c
jdcolor.c
jddctmgr.c
jdhuff.c
jdinput.c
jdmainct.c
jdmarker.c
jdmaster.c
jdmerge.c
jdphuff.c
jdpostct.c
jdsample.c
jerror.c
jfdctflt.c
jfdctfst.c
jfdctint.c
jidctflt.c
jidctfst.c
jidctint.c
jidctred.c
jmemmgr.c
jmemnobs.c
jquant1.c
jquant2.c
jutils.c
jsimd_i386.c
/home/buildbot/buildslave/cef_linux/build/dev/src/third_party/libjpeg_turbo/simd/jccolmmx.asm
/home/buildbot/buildslave/cef_linux/build/dev/src/third_party/libjpeg_turbo/simd/jccolss2.asm
/home/buildbot/buildslave/cef_linux/build/dev/src/third_party/libjpeg_turbo/simd/jcgrammx.asm
/home/buildbot/buildslave/cef_linux/build/dev/src/third_party/libjpeg_turbo/simd/jcgrass2.asm
/home/buildbot/buildslave/cef_linux/build/dev/src/third_party/libjpeg_turbo/simd/jcqnt3dn.asm
/home/buildbot/buildslave/cef_linux/build/dev/src/third_party/libjpeg_turbo/simd/jcqntmmx.asm
/home/buildbot/buildslave/cef_linux/build/dev/src/third_party/libjpeg_turbo/simd/jcqnts2f.asm
/home/buildbot/buildslave/cef_linux/build/dev/src/third_party/libjpeg_turbo/simd/jcqnts2i.asm
/home/buildbot/buildslave/cef_linux/build/dev/src/third_party/libjpeg_turbo/simd/jcqntsse.asm
/home/buildbot/buildslave/cef_linux/build/dev/src/third_party/libjpeg_turbo/simd/jcsammmx.asm
/home/buildbot/buildslave/cef_linux/build/dev/src/third_party/libjpeg_turbo/simd/jcsamss2.asm
/home/buildbot/buildslave/cef_linux/build/dev/src/third_party/libjpeg_turbo/simd/jdcolmmx.asm
/home/buildbot/buildslave/cef_linux/build/dev/src/third_party/libjpeg_turbo/simd/jdcolss2.asm
/home/buildbot/buildslave/cef_linux/build/dev/src/third_party/libjpeg_turbo/simd/jdmermmx.asm
/home/buildbot/buildslave/cef_linux/build/dev/src/third_party/libjpeg_turbo/simd/jdmerss2.asm
/home/buildbot/buildslave/cef_linux/build/dev/src/third_party/libjpeg_turbo/simd/jdsammmx.asm
/home/buildbot/buildslave/cef_linux/build/dev/src/third_party/libjpeg_turbo/simd/jdsamss2.asm
/home/buildbot/buildslave/cef_linux/build/dev/src/third_party/libjpeg_turbo/simd/jf3dnflt.asm
/home/buildbot/buildslave/cef_linux/build/dev/src/third_party/libjpeg_turbo/simd/jfmmxfst.asm
/home/buildbot/buildslave/cef_linux/build/dev/src/third_party/libjpeg_turbo/simd/jfmmxint.asm
/home/buildbot/buildslave/cef_linux/build/dev/src/third_party/libjpeg_turbo/simd/jfss2fst.asm
/home/buildbot/buildslave/cef_linux/build/dev/src/third_party/libjpeg_turbo/simd/jfss2int.asm
/home/buildbot/buildslave/cef_linux/build/dev/src/third_party/libjpeg_turbo/simd/jfsseflt.asm
/home/buildbot/buildslave/cef_linux/build/dev/src/third_party/libjpeg_turbo/simd/ji3dnflt.asm
/home/buildbot/buildslave/cef_linux/build/dev/src/third_party/libjpeg_turbo/simd/jimmxfst.asm
/home/buildbot/buildslave/cef_linux/build/dev/src/third_party/libjpeg_turbo/simd/jimmxint.asm
/home/buildbot/buildslave/cef_linux/build/dev/src/third_party/libjpeg_turbo/simd/jimmxred.asm
/home/buildbot/buildslave/cef_linux/build/dev/src/third_party/libjpeg_turbo/simd/jiss2flt.asm
/home/buildbot/buildslave/cef_linux/build/dev/src/third_party/libjpeg_turbo/simd/jiss2fst.asm
/home/buildbot/buildslave/cef_linux/build/dev/src/third_party/libjpeg_turbo/simd/jiss2int.asm
/home/buildbot/buildslave/cef_linux/build/dev/src/third_party/libjpeg_turbo/simd/jiss2red.asm
/home/buildbot/buildslave/cef_linux/build/dev/src/third_party/libjpeg_turbo/simd/jisseflt.asm
/home/buildbot/buildslave/cef_linux/build/dev/src/third_party/libjpeg_turbo/simd/jsimdcpu.asm
catalog.c
chvalid.c
debugXML.c
dict.c
encoding.c
entities.c
error.c
globals.c
hash.c
HTMLparser.c
HTMLtree.c
list.c
parser.c
parserInternals.c
pattern.c
relaxng.c
SAX.c
SAX2.c
threads.c
tree.c
uri.c
valid.c
xinclude.c
xmlIO.c
xmlmemory.c
xmlreader.c
xmlregexp.c
xmlsave.c
xmlschemas.c
xmlschemastypes.c
xmlstring.c
xmlunicode.c
xpath.c
xpointer.c
attributes.c
attrvt.c
documents.c
extensions.c
extra.c
functions.c
imports.c
keys.c
namespaces.c
numbers.c
pattern.c
preproc.c
security.c
templates.c
transform.c
variables.c
xslt.c
xsltlocale.c
xsltutils.c
modp_b64.cc
PeerConnectionHandler.cpp
PeerConnectionHandlerInternal.cpp
ApplicationCacheHost.cpp
AssociatedURLLoader.cpp
AsyncFileSystemChromium.cpp
AsyncFileWriterChromium.cpp
AudioDestinationChromium.cpp
AutoFillPopupMenuClient.cpp
BackForwardListChromium.cpp
BlobRegistryProxy.cpp
ChromeClientImpl.cpp
ChromiumCurrentTime.cpp
ChromiumOSRandomSource.cpp
ChromiumThreading.cpp
CompositionUnderlineVectorBuilder.cpp
ContextMenuClientImpl.cpp
DatabaseObserver.cpp
DeviceOrientationClientProxy.cpp
DOMUtilitiesPrivate.cpp
DragClientImpl.cpp
DragScrollTimer.cpp
EditorClientImpl.cpp
EventListenerWrapper.cpp
Extensions3DChromium.cpp
ExternalPopupMenu.cpp
FrameLoaderClientImpl.cpp
GeolocationClientProxy.cpp
GraphicsContext3DChromium.cpp
WebInputEventFactory.cpp
IDBCallbacksProxy.cpp
IDBCursorBackendProxy.cpp
IDBDatabaseCallbacksProxy.cpp
IDBDatabaseBackendProxy.cpp
IDBFactoryBackendProxy.cpp
IDBIndexBackendProxy.cpp
IDBObjectStoreBackendProxy.cpp
IDBTransactionBackendProxy.cpp
IDBTransactionCallbacksProxy.cpp
InspectorClientImpl.cpp
InspectorFrontendClientImpl.cpp
NonCompositedContentHost.cpp
WebFontInfo.cpp
WebFontRenderStyle.cpp
WebScreenInfoFactory.cpp
LocalFileSystemChromium.cpp
LocalizedStrings.cpp
MediaPlayerPrivateChromium.cpp
NotificationPresenterImpl.cpp
PageOverlay.cpp
PageOverlayList.cpp
PlatformMessagePortChannel.cpp
PlatformSupport.cpp
ResourceHandle.cpp
ScrollbarGroup.cpp
SharedWorkerRepository.cpp
SocketStreamHandle.cpp
SpeechInputClientImpl.cpp
StorageAreaProxy.cpp
StorageEventDispatcherChromium.cpp
StorageInfoChromium.cpp
StorageNamespaceProxy.cpp
UserMediaClientImpl.cpp
WebTextCheckingCompletionImpl.cpp
VideoFrameChromiumImpl.cpp
WebAccessibilityObject.cpp
WebAnimationControllerImpl.cpp
WebAttribute.cpp
WebAudioBus.cpp
WebBindings.cpp
WebBlobData.cpp
WebCompositorInputHandlerImpl.cpp
WebContentLayerImpl.cpp
WebCString.cpp
WebCursorInfo.cpp
WebDOMEvent.cpp
WebDOMEventListener.cpp
WebDOMEventListenerPrivate.cpp
WebDOMStringList.cpp
WebData.cpp
WebDatabase.cpp
WebDataSourceImpl.cpp
WebDevToolsAgentImpl.cpp
WebDevToolsFrontendImpl.cpp
WebDeviceOrientation.cpp
WebDocument.cpp
WebDragData.cpp
WebElement.cpp
WebEntities.cpp
WebExternalTextureLayerImpl.cpp
WebFileChooserCompletionImpl.cpp
WebFileSystemCallbacksImpl.cpp
WebFontImpl.cpp
WebFormControlElement.cpp
WebFormElement.cpp
WebFrameImpl.cpp
WebGeolocationPosition.cpp
WebGraphicsContext3D.cpp
WebHistoryItem.cpp
WebHTTPBody.cpp
WebHTTPLoadInfo.cpp
WebIconLoadingCompletionImpl.cpp
WebIDBCallbacksImpl.cpp
WebIDBCursorImpl.cpp
WebIDBDatabaseCallbacksImpl.cpp
WebIDBDatabaseError.cpp
WebIDBDatabaseImpl.cpp
WebIDBFactoryImpl.cpp
WebIDBIndexImpl.cpp
WebIDBKey.cpp
WebIDBKeyPath.cpp
WebIDBKeyRange.cpp
WebIDBObjectStoreImpl.cpp
WebIDBTransactionImpl.cpp
WebIDBTransactionCallbacksImpl.cpp
WebImageSkia.cpp
WebInputElement.cpp
WebInputEvent.cpp
WebInputEventConversion.cpp
WebKit.cpp
WebLayerImpl.cpp
WebLayerTreeViewImpl.cpp
WebMediaPlayerClientImpl.cpp
WebMediaStreamDescriptor.cpp
WebMediaStreamSource.cpp
WebNamedNodeMap.cpp
WebNetworkStateNotifier.cpp
WebNode.cpp
WebNotification.cpp
WebPageSerializer.cpp
WebPageSerializerImpl.cpp
WebPerformance.cpp
WebPluginContainerImpl.cpp
WebPluginDocument.cpp
WebPluginListBuilderImpl.cpp
WebPluginLoadObserver.cpp
WebPopupMenuImpl.cpp
WebRange.cpp
WebRuntimeFeatures.cpp
WebScriptController.cpp
WebScrollbarImpl.cpp
WebSearchableFormData.cpp
WebSecurityOrigin.cpp
WebSecurityPolicy.cpp
WebSelectElement.cpp
WebSerializedScriptValue.cpp
WebSettingsImpl.cpp
WebSharedWorkerImpl.cpp
WebSocketImpl.cpp
WebSpeechInputControllerMockImpl.cpp
WebSpeechInputResult.cpp
WebStorageAreaImpl.cpp
WebStorageNamespaceImpl.cpp
WebStorageQuotaCallbacksImpl.cpp
WebString.cpp
WebThreadSafeData.cpp
WebURL.cpp
WebURLLoadTiming.cpp
WebURLRequest.cpp
WebURLResponse.cpp
WebURLError.cpp
WebUserMediaRequest.cpp
WebViewImpl.cpp
WebWorkerBase.cpp
WebWorkerClientImpl.cpp
WebWorkerRunLoop.cpp
WorkerAsyncFileSystemChromium.cpp
WorkerAsyncFileWriterChromium.cpp
WorkerFileSystemCallbacksBridge.cpp
WorkerFileWriterCallbacksBridge.cpp
ioapi.c
unzip.c
accelerator_manager.cc
animation_container.cc
clipboard.cc
clipboard_gtk.cc
custom_data_helper.cc
scoped_clipboard_writer.cc
event_synthesis_gtk.cc
g_object_destructor_filo.cc
gtk_im_context_util.cc
gtk_signal_registrar.cc
l10n_util.cc
button_menu_item_model.cc
simple_menu_model.cc
data_pack.cc
resource_bundle.cc
resource_bundle_posix.cc
touch_factory.cc
ui_base_paths.cc
active_window_watcher_x.cc
work_area_watcher_x.cc
x11_util.cc
blit.cc
canvas.cc
canvas_skia.cc
canvas_skia_linux.cc
png_codec.cc
color_utils.cc
font.cc
image.cc
native_theme_base.cc
native_theme_gtk.cc
pango_util.cc
platform_font_pango.cc
point.cc
rect.cc
size.cc
skia_util.cc
skia_utils_gtk.cc
linux_util.cc
gtk_native_view_id_manager.cc
gtk_util.cc
cairo_cached_surface.cc
appcache.cc
appcache_backend_impl.cc
appcache_database.cc
appcache_disk_cache.cc
appcache_frontend_impl.cc
appcache_group.cc
appcache_histograms.cc
appcache_host.cc
appcache_interceptor.cc
appcache_interfaces.cc
appcache_quota_client.cc
appcache_request_handler.cc
appcache_response.cc
appcache_service.cc
appcache_storage.cc
appcache_storage_impl.cc
appcache_working_set.cc
appcache_update_job.cc
appcache_url_request_job.cc
manifest_parser.cc
view_appcache_internals_job.cc
web_application_cache_host_impl.cc
blob_data.cc
blob_storage_controller.cc
blob_url_request_job.cc
blob_url_request_job_factory.cc
deletable_file_reference.cc
view_blob_internals_job.cc
databases_table.cc
database_connections.cc
database_quota_client.cc
database_tracker.cc
database_util.cc
vfs_backend.cc
file_system_callback_dispatcher.cc
file_system_context.cc
file_system_dir_url_request_job.cc
file_system_directory_database.cc
file_system_file_util.cc
file_system_file_util_proxy.cc
file_system_operation.cc
file_system_operation_context.cc
file_system_origin_database.cc
file_system_path_manager.cc
file_system_quota_client.cc
file_system_quota_util.cc
file_system_url_request_job.cc
file_system_url_request_job_factory.cc
file_system_usage_cache.cc
file_system_util.cc
file_writer_delegate.cc
local_file_util.cc
native_file_util.cc
obfuscated_file_util.cc
quota_file_util.cc
sandbox_mount_point_provider.cc
webfilewriter_base.cc
form_field.cc
password_form_dom_manager.cc
gtk_plugin_container.cc
gtk_plugin_container_manager.cc
plugin_group.cc
plugin_host.cc
plugin_instance.cc
plugin_lib.cc
plugin_lib_posix.cc
plugin_list.cc
plugin_list_posix.cc
plugin_stream.cc
plugin_stream_posix.cc
plugin_stream_url.cc
plugin_string_stream.cc
webplugin.cc
webplugin_delegate_impl.cc
webplugin_delegate_impl_gtk.cc
webplugin_impl.cc
callbacks.cc
event_conversion.cc
host_globals.cc
host_var_tracker.cc
plugin_module.cc
ppapi_interface_factory.cc
ppapi_plugin_instance.cc
ppb_directory_reader_impl.cc
ppb_file_chooser_impl.cc
ppb_flash_impl.cc
ppb_flash_menu_impl.cc
ppb_graphics_2d_impl.cc
ppb_scrollbar_impl.cc
ppb_url_loader_impl.cc
ppb_video_capture_impl.cc
ppb_websocket_impl.cc
quota_file_io.cc
webplugininfo.cc
webview_plugin.cc
cpp_bound_class.cc
cpp_variant.cc
dom_operations.cc
ftp_directory_listing_response_delegate.cc
gl_bindings_skia_cmd_buffer.cc
glue_serialize.cc
idb_bindings.cc
multipart_response_delegate.cc
resource_loader_bridge.cc
resource_type.cc
scoped_clipboard_writer_glue.cc
simple_webmimeregistry_impl.cc
webaccessibility.cc
webclipboard_impl.cc
webcursor.cc
webcursor_gtk.cc
webdropdata.cc
webfileutilities_impl.cc
webkit_glue.cc
webkitplatformsupport_impl.cc
webmenuitem.cc
webpreferences.cc
websocketstreamhandle_impl.cc
webthemeengine_impl_linux.cc
webthread_impl.cc
weburlloader_impl.cc
worker_task_runner.cc
gc_extension.cc
heap_profiler_extension.cc
quota_database.cc
quota_manager.cc
quota_task.cc
quota_temporary_storage_evictor.cc
special_storage_policy.cc
usage_tracker.cc
webgraphicscontext3d_in_process_command_buffer_impl.cc
webgraphicscontext3d_in_process_impl.cc
active_loader.cc
audio_decoder.cc
buffered_data_source.cc
buffered_resource_loader.cc
simple_data_source.cc
video_renderer_impl.cc
web_data_source.cc
web_data_source_factory.cc
webmediaplayer_impl.cc
webmediaplayer_proxy.cc
webvideoframe_impl.cc
user_agent.cc
browser_appcache_system.cc
browser_database_system.cc
browser_devtools_agent.cc
browser_devtools_callargs.cc
browser_devtools_client.cc
browser_devtools_scheme_handler.cc
browser_file_system.cc
browser_file_writer.cc
browser_impl.cc
browser_navigation_controller.cc
browser_persistent_cookie_store.cc
browser_request_context.cc
browser_resource_loader_bridge.cc
browser_settings.cc
browser_socket_stream_bridge.cc
browser_webcookiejar_impl.cc
browser_webblobregistry_impl.cc
browser_webstoragearea_impl.cc
browser_webstoragenamespace_impl.cc
browser_webkit_glue.cc
browser_webkit_init.cc
browser_webview_delegate.cc
browser_zoom_map.cc
cef_process.cc
cef_process_io_thread.cc
cef_process_sub_thread.cc
cef_process_ui_thread.cc
cef_string_list.cc
cef_string_map.cc
cef_string_multimap.cc
cef_string_types.cc
cef_time.cc
command_line_impl.cc
cookie_impl.cc
drag_data_impl.cc
dom_storage_area.cc
dom_storage_context.cc
dom_storage_namespace.cc
dom_document_impl.cc
dom_event_impl.cc
dom_node_impl.cc
http_header_utils.cc
nplugin_impl.cc
origin_whitelist_impl.cc
request_impl.cc
response_impl.cc
scheme_impl.cc
simple_clipboard_impl.cc
storage_impl.cc
stream_impl.cc
task_impl.cc
url_impl.cc
v8_impl.cc
web_urlrequest_impl.cc
webview_host.cc
webwidget_host.cc
xml_reader_impl.cc
zip_reader_impl.cc
browser_impl_gtk.cc
browser_webkit_glue_gtk.cc
browser_webview_delegate_gtk.cc
cef_process_ui_thread_gtk.cc
external_protocol_handler_gtk.cc
webview_host_gtk.cc
webwidget_host_gtk.cc
dynamic_annotations.c
xdgmime.c
xdgmimealias.c
xdgmimecache.c
xdgmimeglob.c
xdgmimeicon.c
xdgmimeint.c
xdgmimemagic.c
xdgmimeparent.c
event.c
evutil.c
log.c
poll.c
select.c
signal.c
epoll.c
epoll_sub.c
yuv_convert.cc
cpu_features_x86.cc
convert_yuv_to_rgb_c.cc
convert_yuv_to_rgb_x86.cc
filter_yuv_c.cc
filter_yuv_mmx.cc
filter_yuv_sse2.cc
/home/buildbot/buildslave/cef_linux/build/dev/src/media/base/simd/convert_yuv_to_rgb_mmx.asm
/home/buildbot/buildslave/cef_linux/build/dev/src/media/base/simd/convert_yuv_to_rgb_sse.asm
/home/buildbot/buildslave/cef_linux/build/dev/src/media/base/simd/linear_scale_yuv_to_rgb_mmx.asm
/home/buildbot/buildslave/cef_linux/build/dev/src/media/base/simd/linear_scale_yuv_to_rgb_sse.asm
/home/buildbot/buildslave/cef_linux/build/dev/src/media/base/simd/scale_yuv_to_rgb_mmx.asm
/home/buildbot/buildslave/cef_linux/build/dev/src/media/base/simd/scale_yuv_to_rgb_sse.asm
il_stubs.cc
ec_private_key_nss.cc
hmac.cc
hmac_nss.cc
nss_util.cc
openpgp_symmetric_encryption.cc
rsa_private_key.cc
rsa_private_key_nss.cc
secure_hash_default.cc
sha2.cc
signature_verifier_nss.cc
pk11akey.cc
secsign.cc
sha512.cc
cmpcert.c
derive.c
fnv1a64.c
ssl3con.c
ssl3ecc.c
ssl3ext.c
ssl3gthr.c
sslauth.c
sslcon.c
ssldef.c
sslerr.c
sslgathr.c
sslinfo.c
sslmutex.c
sslnonce.c
sslreveal.c
sslsecur.c
sslsnce.c
sslsock.c
unix_err.c
loader.c
secure_memcmp.c
libraries.cc
experimental-libraries.cc
accessors.cc
allocation.cc
api.cc
ast.cc
bignum.cc
bignum-dtoa.cc
bootstrapper.cc
cached-powers.cc
checks.cc
circular-queue.cc
code-stubs.cc
codegen.cc
compilation-cache.cc
compiler.cc
contexts.cc
conversions.cc
counters.cc
cpu-profiler.cc
data-flow.cc
dateparser.cc
debug.cc
debug-agent.cc
deoptimizer.cc
diy-fp.cc
dtoa.cc
elements.cc
execution.cc
factory.cc
fast-dtoa.cc
fixed-dtoa.cc
full-codegen.cc
func-name-inferrer.cc
global-handles.cc
handles.cc
heap-profiler.cc
hydrogen.cc
hydrogen-instructions.cc
ic.cc
incremental-marking.cc
jsregexp.cc
lithium.cc
liveedit.cc
log-utils.cc
mark-compact.cc
messages.cc
objects-visiting.cc
objects.cc
parser.cc
preparse-data.cc
preparser.cc
property.cc
profile-generator.cc
regexp-macro-assembler-tracer.cc
regexp-macro-assembler.cc
regexp-stack.cc
rewriter.cc
runtime.cc
safepoint-table.cc
scanner.cc
scanner-character-streams.cc
scopeinfo.cc
serialize.cc
snapshot-common.cc
spaces.cc
store-buffer.cc
string-stream.cc
strtod.cc
stub-cache.cc
type-info.cc
unicode.cc
utils.cc
v8-counters.cc
v8conversions.cc
v8threads.cc
v8utils.cc
variables.cc
zone.cc
externalize-string-extension.cc
gc-extension.cc
assembler-ia32.cc
builtins-ia32.cc
codegen-ia32.cc
cpu-ia32.cc
debug-ia32.cc
deoptimizer-ia32.cc
disasm-ia32.cc
frames-ia32.cc
full-codegen-ia32.cc
ic-ia32.cc
lithium-codegen-ia32.cc
lithium-gap-resolver-ia32.cc
lithium-ia32.cc
macro-assembler-ia32.cc
regexp-macro-assembler-ia32.cc
stub-cache-ia32.cc
bus.cc
exported_object.cc
message.cc
object_proxy.cc
SkBitmapProcState_opts_SSE2.cpp
SkBlitRow_opts_SSE2.cpp
SkUtils_opts_SSE2.cpp
font.cc
font_factory.cc
bitmap_size_table.cc
ebdt_table.cc
eblc_table.cc
index_sub_table_format4.cc
index_sub_table_format5.cc
cmap_table.cc
name_table.cc
header.cc
glyph_table.cc
subsetter_impl.cc
harfbuzz-unicode.c
harfbuzz-unicode-tables.c
harfbuzz-buffer.c
harfbuzz-stream.c
harfbuzz-gdef.c
harfbuzz-gpos.c
harfbuzz-gsub.c
harfbuzz-impl.c
harfbuzz-open.c
harfbuzz-shaper.cpp
harfbuzz-tibetan.c
harfbuzz-khmer.c
harfbuzz-indic.cpp
harfbuzz-greek.c
harfbuzz-hebrew.c
harfbuzz-arabic.c
harfbuzz-hangul.c
harfbuzz-myanmar.c
harfbuzz-thai.c
YarrInterpreter.cpp
YarrPattern.cpp
ArrayBuffer.cpp
ArrayBufferView.cpp
Assertions.cpp
ByteArray.cpp
CryptographicallyRandomNumber.cpp
DateMath.cpp
DecimalNumber.cpp
FastMalloc.cpp
MD5.cpp
OSAllocatorPosix.cpp
PageBlock.cpp
ParallelJobsGeneric.cpp
RandomNumber.cpp
SHA1.cpp
ThreadIdentifierDataPthreads.cpp
Threading.cpp
ThreadingPthreads.cpp
WTFThreadData.cpp
MainThreadChromium.cpp
dtoa.cpp
bignum-dtoa.cc
bignum.cc
cached-powers.cc
diy-fp.cc
double-conversion.cc
fast-dtoa.cc
fixed-dtoa.cc
AtomicString.cpp
CString.cpp
StringBuilder.cpp
StringImpl.cpp
StringStatics.cpp
WTFString.cpp
UTF8.cpp
CollatorICU.cpp
analysis.c
bit_writer.c
config.c
cost.c
dsp.c
filter.c
frame.c
iterator.c
picture.c
quant.c
syntax.c
tree.c
webpenc.c
bits.c
dsp.c
frame.c
idec.c
quant.c
tree.c
vp8.c
webp.c
yuv.c
cff.cc
cff_type2_charstring.cc
cmap.cc
cvt.cc
fpgm.cc
gasp.cc
gdef.cc
glyf.cc
gpos.cc
gsub.cc
hdmx.cc
head.cc
hhea.cc
hmtx.cc
kern.cc
layout.cc
loca.cc
ltsh.cc
maxp.cc
metrics.cc
name.cc
os2.cc
ots.cc
post.cc
prep.cc
vdmx.cc
vhea.cc
vmtx.cc
vorg.cc
sqlite3.c
fts2.c
fts2_hash.c
fts2_icu.c
fts2_porter.c
fts2_tokenizer1.c
CodeGenGLSL.cpp
OutputESSL.cpp
OutputGLSLBase.cpp
OutputGLSL.cpp
ShaderLang.cpp
TranslatorESSL.cpp
TranslatorGLSL.cpp
VersionGLSL.cpp
BuiltInFunctionEmulator.cpp
Compiler.cpp
DetectRecursion.cpp
ForLoopUnroll.cpp
glslang_lex.cpp
glslang_tab.cpp
InfoSink.cpp
Initialize.cpp
InitializeDll.cpp
Intermediate.cpp
intermOut.cpp
IntermTraverse.cpp
MapLongVariableNames.cpp
parseConst.cpp
ParseHelper.cpp
PoolAlloc.cpp
RemoveTree.cpp
SymbolTable.cpp
util.cpp
ValidateLimitations.cpp
VariableInfo.cpp
atom.c
cpp.c
cppstruct.c
memory.c
scanner.c
symbols.c
tokens.c
ossource_posix.cpp
gles2_c_lib.cc
gles2_lib.cc
gles2_implementation.cc
program_info_manager.cc
gl_bindings_skia_in_process.cc
gl_context.cc
gl_context_linux.cc
gl_context_osmesa.cc
gl_context_stub.cc
gl_implementation.cc
gl_implementation_linux.cc
gl_interface.cc
gl_share_group.cc
gl_surface.cc
gl_surface_linux.cc
gl_surface_stub.cc
gl_surface_osmesa.cc
gl_bindings_autogen_gl.cc
gl_bindings_autogen_mock.cc
gl_bindings_autogen_osmesa.cc
egl_util.cc
gl_context_egl.cc
gl_surface_egl.cc
gl_bindings_autogen_egl.cc
gl_context_glx.cc
gl_surface_glx.cc
gl_bindings_autogen_glx.cc
gles2_cmd_utils.cc
cmd_buffer_helper.cc
fenced_allocator.cc
mapped_memory.cc
ring_buffer.cc
cmd_buffer_common.cc
gles2_cmd_format.cc
id_allocator.cc
ActiveDOMObject.cpp
Attr.cpp
Attribute.cpp
BeforeTextInsertedEvent.cpp
BeforeUnloadEvent.cpp
CDATASection.cpp
CSSMappedAttributeDeclaration.cpp
CharacterData.cpp
CheckedRadioButtons.cpp
ChildListMutationScope.cpp
ChildNodeList.cpp
ClassNodeList.cpp
ClientRect.cpp
ClientRectList.cpp
Clipboard.cpp
ClipboardEvent.cpp
Comment.cpp
CompositionEvent.cpp
ContainerNode.cpp
CustomEvent.cpp
DOMCoreException.cpp
DOMImplementation.cpp
DOMStringList.cpp
DOMStringMap.cpp
DataTransferItem.cpp
DataTransferItemList.cpp
DatasetDOMStringMap.cpp
DecodedDataDocumentParser.cpp
DeviceMotionController.cpp
DeviceMotionData.cpp
DeviceMotionEvent.cpp
DeviceOrientation.cpp
DeviceOrientationController.cpp
DeviceOrientationEvent.cpp
Document.cpp
DocumentEventQueue.cpp
DocumentFragment.cpp
DocumentMarkerController.cpp
DocumentMarker.cpp
DocumentOrderedMap.cpp
DocumentParser.cpp
DocumentType.cpp
DynamicNodeList.cpp
EditingText.cpp
Element.cpp
EntityReference.cpp
ErrorEvent.cpp
Event.cpp
EventContext.cpp
EventDispatchMediator.cpp
EventDispatcher.cpp
EventException.cpp
EventListenerMap.cpp
EventNames.cpp
EventTarget.cpp
ExceptionBase.cpp
IconURL.cpp
KeyboardEvent.cpp
MessageChannel.cpp
MessageEvent.cpp
MessagePort.cpp
MessagePortChannel.cpp
MouseEvent.cpp
MouseRelatedEvent.cpp
MutationEvent.cpp
MutationObserverInterestGroup.cpp
MutationObserverRegistration.cpp
MutationRecord.cpp
NameNodeList.cpp
NamedNodeMap.cpp
Node.cpp
NodeFilter.cpp
NodeIterator.cpp
NodeRenderingContext.cpp
OverflowEvent.cpp
PageTransitionEvent.cpp
PendingScript.cpp
PopStateEvent.cpp
Position.cpp
PositionIterator.cpp
ProcessingInstruction.cpp
ProgressEvent.cpp
QualifiedName.cpp
Range.cpp
RangeException.cpp
ScopedEventQueue.cpp
ScriptElement.cpp
ScriptExecutionContext.cpp
ScriptRunner.cpp
ScriptableDocumentParser.cpp
ScriptedAnimationController.cpp
SecurityContext.cpp
SelectorQuery.cpp
ShadowContentElement.cpp
ShadowInclusionSelector.cpp
ShadowRoot.cpp
SpaceSplitString.cpp
StaticNodeList.cpp
StringCallback.cpp
StyleElement.cpp
StyledElement.cpp
TagNodeList.cpp
Text.cpp
TextEvent.cpp
Touch.cpp
TouchEvent.cpp
TouchList.cpp
TransformSourceLibxslt.cpp
Traversal.cpp
TreeScope.cpp
TreeWalker.cpp
UIEvent.cpp
UIEventWithKeyState.cpp
UserGestureIndicator.cpp
UserTypingGestureIndicator.cpp
ViewportArguments.cpp
WebKitAnimationEvent.cpp
WebKitMutationObserver.cpp
WebKitNamedFlow.cpp
WebKitTransitionEvent.cpp
WheelEvent.cpp
WindowEventContext.cpp
BaseButtonInputType.cpp
BaseCheckableInputType.cpp
BaseTextInputType.cpp
ButtonInputType.cpp
CheckboxInputType.cpp
ClassList.cpp
CollectionCache.cpp
DOMFormData.cpp
DOMSettableTokenList.cpp
DOMTokenList.cpp
DOMURL.cpp
EmailInputType.cpp
FTPDirectoryDocument.cpp
FileInputType.cpp
FormAssociatedElement.cpp
FormDataList.cpp
HTMLAllCollection.cpp
HTMLAnchorElement.cpp
HTMLAppletElement.cpp
HTMLAreaElement.cpp
HTMLAudioElement.cpp
HTMLBRElement.cpp
HTMLBaseElement.cpp
HTMLBaseFontElement.cpp
HTMLBodyElement.cpp
HTMLButtonElement.cpp
HTMLCanvasElement.cpp
HTMLCollection.cpp
HTMLDListElement.cpp
HTMLDetailsElement.cpp
HTMLDirectoryElement.cpp
HTMLDivElement.cpp
HTMLDocument.cpp
HTMLElement.cpp
HTMLEmbedElement.cpp
HTMLFieldSetElement.cpp
HTMLFontElement.cpp
HTMLFormCollection.cpp
HTMLFormControlElement.cpp
HTMLFormElement.cpp
HTMLFrameElement.cpp
HTMLFrameElementBase.cpp
HTMLFrameOwnerElement.cpp
HTMLFrameSetElement.cpp
HTMLHRElement.cpp
HTMLHeadElement.cpp
HTMLHeadingElement.cpp
HTMLHtmlElement.cpp
HTMLIFrameElement.cpp
HTMLImageElement.cpp
HTMLImageLoader.cpp
HTMLInputElement.cpp
HTMLIsIndexElement.cpp
HTMLKeygenElement.cpp
HTMLLIElement.cpp
HTMLLabelElement.cpp
HTMLLegendElement.cpp
HTMLLinkElement.cpp
HTMLMapElement.cpp
HTMLMarqueeElement.cpp
HTMLMediaElement.cpp
HTMLMenuElement.cpp
HTMLMetaElement.cpp
HTMLMeterElement.cpp
HTMLModElement.cpp
HTMLNameCollection.cpp
HTMLOListElement.cpp
HTMLObjectElement.cpp
HTMLOptGroupElement.cpp
HTMLOptionElement.cpp
HTMLOptionsCollection.cpp
HTMLOutputElement.cpp
HTMLParagraphElement.cpp
HTMLParamElement.cpp
HTMLPlugInElement.cpp
HTMLPlugInImageElement.cpp
HTMLPreElement.cpp
HTMLProgressElement.cpp
HTMLQuoteElement.cpp
HTMLScriptElement.cpp
HTMLSelectElement.cpp
HTMLSourceElement.cpp
HTMLSpanElement.cpp
HTMLStyleElement.cpp
HTMLSummaryElement.cpp
HTMLTableCaptionElement.cpp
HTMLTableCellElement.cpp
HTMLTableColElement.cpp
HTMLTableElement.cpp
HTMLTablePartElement.cpp
HTMLTableRowElement.cpp
HTMLTableRowsCollection.cpp
HTMLTableSectionElement.cpp
HTMLTextAreaElement.cpp
HTMLTextFormControlElement.cpp
HTMLTitleElement.cpp
HTMLTrackElement.cpp
HTMLUListElement.cpp
HTMLVideoElement.cpp
HTMLViewSourceDocument.cpp
HiddenInputType.cpp
ImageData.cpp
ImageDocument.cpp
ImageInputType.cpp
InputType.cpp
IsIndexInputType.cpp
LabelsNodeList.cpp
LinkRelAttribute.cpp
LoadableTextTrack.cpp
MediaController.cpp
MediaDocument.cpp
NumberInputType.cpp
PasswordInputType.cpp
PluginDocument.cpp
RadioInputType.cpp
RangeInputType.cpp
ResetInputType.cpp
SearchInputType.cpp
StepRange.cpp
SubmitInputType.cpp
TelephoneInputType.cpp
TextDocument.cpp
TextFieldInputType.cpp
TextInputType.cpp
TextTrack.cpp
TextTrackCue.cpp
TextTrackCueList.cpp
TimeRanges.cpp
URLInputType.cpp
ValidationMessage.cpp
ValidityState.cpp
CanvasContextAttributes.cpp
CanvasGradient.cpp
CanvasPattern.cpp
CanvasPixelArray.cpp
CanvasRenderingContext.cpp
CanvasRenderingContext2D.cpp
CanvasStyle.cpp
DataView.cpp
OESStandardDerivatives.cpp
OESTextureFloat.cpp
OESVertexArrayObject.cpp
WebGLBuffer.cpp
WebGLCompressedTextures.cpp
WebGLContextAttributes.cpp
WebGLContextEvent.cpp
WebGLDebugRendererInfo.cpp
WebGLDebugShaders.cpp
WebGLExtension.cpp
WebGLFramebuffer.cpp
WebGLGetInfo.cpp
WebGLLoseContext.cpp
WebGLObject.cpp
WebGLProgram.cpp
WebGLRenderbuffer.cpp
WebGLRenderingContext.cpp
WebGLShader.cpp
WebGLTexture.cpp
WebGLUniformLocation.cpp
WebGLVertexArrayObjectOES.cpp
CSSPreloadScanner.cpp
HTMLConstructionSite.cpp
HTMLDocumentParser.cpp
HTMLElementStack.cpp
HTMLEntityParser.cpp
HTMLEntitySearch.cpp
HTMLFormattingElementList.cpp
HTMLMetaCharsetParser.cpp
HTMLParserIdioms.cpp
HTMLParserScheduler.cpp
HTMLPreloadScanner.cpp
HTMLScriptRunner.cpp
HTMLSourceTracker.cpp
HTMLTokenizer.cpp
HTMLTreeBuilder.cpp
HTMLViewSourceParser.cpp
TextDocumentParser.cpp
TextViewSourceParser.cpp
XSSAuditor.cpp
DetailsMarkerControl.cpp
MediaControls.cpp
MediaControlElements.cpp
MediaControlRootElementChromium.cpp
MeterShadowElement.cpp
ProgressShadowElement.cpp
SliderThumbElement.cpp
TextControlInnerElements.cpp
TextTrackList.cpp
TrackBase.cpp
TrackEvent.cpp
WebVTTParser.cpp
WebVTTTokenizer.cpp
LevelDBDatabase.cpp
LevelDBTransaction.cpp
LevelDBWriteBatch.cpp
MediaStreamCenter.cpp
Arena.cpp
Clock.cpp
ContentType.cpp
CrossThreadCopier.cpp
DateComponents.cpp
DragData.cpp
DragImage.cpp
FileChooser.cpp
FileIconLoader.cpp
FileStream.cpp
FileSystem.cpp
ClockGeneric.cpp
KURL.cpp
KURLGoogle.cpp
KillRingNone.cpp
Language.cpp
Length.cpp
RuntimeApplicationChecks.cpp
SchemeRegistry.cpp
ScrollAnimator.cpp
ScrollAnimatorNone.cpp
ScrollView.cpp
ScrollableArea.cpp
Scrollbar.cpp
ScrollbarTheme.cpp
ScrollbarThemeComposite.cpp
SharedBuffer.cpp
SharedBufferChunkReader.cpp
ThreadGlobalData.cpp
ThreadTimers.cpp
Timer.cpp
UUID.cpp
Widget.cpp
Animation.cpp
AnimationList.cpp
AudioBus.cpp
AudioChannel.cpp
AudioDSPKernelProcessor.cpp
AudioUtilities.cpp
Biquad.cpp
Cone.cpp
Distance.cpp
DynamicsCompressor.cpp
DynamicsCompressorKernel.cpp
EqualPowerPanner.cpp
FFTConvolver.cpp
FFTFrame.cpp
HRTFDatabase.cpp
HRTFDatabaseLoader.cpp
HRTFElevation.cpp
HRTFKernel.cpp
HRTFPanner.cpp
MultiChannelResampler.cpp
Panner.cpp
Reverb.cpp
ReverbAccumulationBuffer.cpp
ReverbConvolver.cpp
ReverbConvolverStage.cpp
ReverbInputBuffer.cpp
SincResampler.cpp
VectorMath.cpp
ZeroPole.cpp
AudioBusChromium.cpp
FFTFrameFFMPEG.cpp
ChromiumDataObject.cpp
ClipboardChromium.cpp
ClipboardChromiumLinux.cpp
ClipboardUtilitiesChromium.cpp
ContextMenuChromium.cpp
ContextMenuItemChromium.cpp
CursorChromium.cpp
DataTransferItemChromium.cpp
DataTransferItemListChromium.cpp
DragDataChromium.cpp
DragImageChromiumSkia.cpp
FileSystemChromium.cpp
FileSystemChromiumLinux.cpp
FramelessScrollView.cpp
GamepadsChromium.cpp
GestureRecognizerChromium.cpp
HistogramSupportChromium.cpp
KeyCodeConversionGtk.cpp
LanguageChromium.cpp
LinkHashChromium.cpp
MIMETypeRegistryChromium.cpp
PasteboardChromium.cpp
PlatformKeyboardEventChromium.cpp
PlatformScreenChromium.cpp
PlatformThemeChromiumLinux.cpp
PopupContainer.cpp
PopupMenuChromium.cpp
PopupListBox.cpp
SSLKeyGeneratorChromium.cpp
ScrollbarThemeChromium.cpp
ScrollbarThemeChromiumLinux.cpp
SearchPopupMenuChromium.cpp
SharedTimerChromium.cpp
SoundChromiumPosix.cpp
SuddenTerminationChromium.cpp
SystemTimeChromium.cpp
TemporaryLinkStubs.cpp
WidgetChromium.cpp
BitmapImage.cpp
Color.cpp
CrossfadeGeneratedImage.cpp
FloatPoint.cpp
FloatPoint3D.cpp
FloatQuad.cpp
FloatRect.cpp
FloatSize.cpp
Font.cpp
FontCache.cpp
FontData.cpp
FontDescription.cpp
FontFallbackList.cpp
FontFamily.cpp
FontFeatureSettings.cpp
FontFastPath.cpp
GeneratorGeneratedImage.cpp
GlyphPageTreeNode.cpp
Gradient.cpp
GraphicsContext.cpp
GraphicsContext3D.cpp
GraphicsLayer.cpp
GraphicsTypes.cpp
Image.cpp
ImageBuffer.cpp
ImageSource.cpp
IntRect.cpp
MediaPlayer.cpp
Path.cpp
PathTraversalState.cpp
Pattern.cpp
RoundedRect.cpp
SegmentedFontData.cpp
ShadowBlur.cpp
SimpleFontData.cpp
SVGGlyph.cpp
StringTruncator.cpp
SurrogatePairAwareTextIterator.cpp
WidthIterator.cpp
BitmapCanvasLayerTextureUpdater.cpp
BitmapSkPictureCanvasLayerTextureUpdater.cpp
Canvas2DLayerChromium.cpp
CanvasLayerChromium.cpp
CanvasLayerTextureUpdater.cpp
ContentLayerChromium.cpp
DrawingBufferChromium.cpp
FrameBufferSkPictureCanvasLayerTextureUpdater.cpp
GeometryBinding.cpp
GraphicsLayerChromium.cpp
IconChromium.cpp
ImageChromium.cpp
ImageLayerChromium.cpp
LayerChromium.cpp
LayerRendererChromium.cpp
ManagedTexture.cpp
LayerTextureSubImage.cpp
PlatformCanvas.cpp
PlatformImage.cpp
PluginLayerChromium.cpp
ProgramBinding.cpp
RateLimiter.cpp
RenderSurfaceChromium.cpp
ShaderChromium.cpp
SkPictureCanvasLayerTextureUpdater.cpp
TrackingTextureAllocator.cpp
TextureManager.cpp
TiledLayerChromium.cpp
TreeSynchronizer.cpp
VDMXParser.cpp
VideoFrameChromium.cpp
VideoLayerChromium.cpp
WebGLLayerChromium.cpp
CCCanvasLayerImpl.cpp
CCCustomLayerDrawQuad.cpp
CCDamageTracker.cpp
CCDebugBorderDrawQuad.cpp
CCDelayBasedTimeSource.cpp
CCDrawQuad.cpp
CCFrameRateController.cpp
CCHeadsUpDisplay.cpp
CCLayerImpl.cpp
CCLayerQuad.cpp
CCLayerSorter.cpp
CCLayerTilingData.cpp
CCLayerTreeHostCommon.cpp
CCLayerTreeHost.cpp
CCLayerTreeHostImpl.cpp
CCPageScaleAnimation.cpp
CCPluginLayerImpl.cpp
CCProxy.cpp
CCRenderPass.cpp
CCRenderSurface.cpp
CCRenderSurfaceDrawQuad.cpp
CCScheduler.cpp
CCSchedulerStateMachine.cpp
CCSharedQuadState.cpp
CCSingleThreadProxy.cpp
CCSolidColorDrawQuad.cpp
CCTextureUpdater.cpp
CCTileDrawQuad.cpp
CCThreadProxy.cpp
CCTiledLayerImpl.cpp
CCVideoLayerImpl.cpp
DistantLightSource.cpp
FEBlend.cpp
FEColorMatrix.cpp
FEComponentTransfer.cpp
FEComposite.cpp
FEConvolveMatrix.cpp
FEDiffuseLighting.cpp
FEDisplacementMap.cpp
FEDropShadow.cpp
FEFlood.cpp
FEGaussianBlur.cpp
FELighting.cpp
FEMerge.cpp
FEMorphology.cpp
FEOffset.cpp
FESpecularLighting.cpp
FETile.cpp
FETurbulence.cpp
FilterEffect.cpp
FilterOperation.cpp
FilterOperations.cpp
LightSource.cpp
PointLightSource.cpp
SourceAlpha.cpp
SourceGraphic.cpp
SpotLightSource.cpp
FEGaussianBlurSkia.cpp
DrawingBuffer.cpp
SharedGraphicsContext3D.cpp
TilingData.cpp
ComplexTextControllerHarfBuzz.cpp
FontHarfBuzz.cpp
FontPlatformDataHarfBuzz.cpp
HarfBuzzSkia.cpp
SimpleFontDataSkia.cpp
OpenTypeSanitizer.cpp
FloatPointSkia.cpp
FloatRectSkia.cpp
FontCacheSkia.cpp
FontCustomPlatformData.cpp
GlyphPageTreeNodeSkia.cpp
GradientSkia.cpp
GraphicsContext3DSkia.cpp
GraphicsContextSkia.cpp
ImageBufferSkia.cpp
ImageSkia.cpp
IntPointSkia.cpp
IntRectSkia.cpp
NativeImageSkia.cpp
PathSkia.cpp
PatternSkia.cpp
PlatformContextSkia.cpp
SkiaUtils.cpp
TransformationMatrixSkia.cpp
AffineTransform.cpp
Matrix3DTransformOperation.cpp
MatrixTransformOperation.cpp
PerspectiveTransformOperation.cpp
RotateTransformOperation.cpp
ScaleTransformOperation.cpp
SkewTransformOperation.cpp
TransformOperations.cpp
TransformationMatrix.cpp
TransformState.cpp
TranslateTransformOperation.cpp
ImageDecoder.cpp
BMPImageDecoder.cpp
BMPImageReader.cpp
GIFImageDecoder.cpp
GIFImageReader.cpp
ICOImageDecoder.cpp
JPEGImageDecoder.cpp
PNGImageDecoder.cpp
ImageDecoderSkia.cpp
WEBPImageDecoder.cpp
JPEGImageEncoder.cpp
PNGImageEncoder.cpp
WEBPImageEncoder.cpp
GeolocationClientMock.cpp
ScrollbarThemeMock.cpp
SpeechInputClientMock.cpp
BlobData.cpp
BlobResourceHandle.cpp
ContentTypeParser.cpp
FormData.cpp
FormDataBuilder.cpp
HTTPHeaderMap.cpp
HTTPParsers.cpp
HTTPValidation.cpp
MIMEHeader.cpp
NetworkStateNotifier.cpp
ResourceErrorBase.cpp
ResourceLoadTiming.cpp
ResourceRequestBase.cpp
ResourceResponseBase.cpp
SocketStreamHandleBase.cpp
CookieJarChromium.cpp
DNSChromium.cpp
ResourceRequest.cpp
ResourceResponse.cpp
SQLValue.cpp
SQLiteDatabase.cpp
SQLiteStatement.cpp
SQLiteTransaction.cpp
SQLiteFileSystemChromium.cpp
SQLiteFileSystemChromiumPosix.cpp
Base64.cpp
BidiContext.cpp
Hyphenation.cpp
LineEnding.cpp
LocaleToScriptMappingICU.cpp
LocalizedNumberICU.cpp
QuotedPrintable.cpp
RegularExpression.cpp
SegmentedString.cpp
String.cpp
TextBoundaries.cpp
TextBreakIteratorICU.cpp
TextCodec.cpp
TextCodecICU.cpp
TextCodecLatin1.cpp
TextCodecUTF16.cpp
TextCodecUTF8.cpp
TextCodecUserDefined.cpp
TextEncoding.cpp
TextEncodingDetectorICU.cpp
TextEncodingRegistry.cpp
TextStream.cpp
UnicodeRange.cpp
TextBreakIteratorInternalICUChromium.cpp
FontTranscoder.cpp
Gamepad.cpp
GamepadList.cpp
AXObjectCache.cpp
AccessibilityARIAGrid.cpp
AccessibilityARIAGridCell.cpp
AccessibilityARIAGridRow.cpp
AccessibilityImageMapLink.cpp
AccessibilityList.cpp
AccessibilityListBox.cpp
AccessibilityListBoxOption.cpp
AccessibilityMediaControls.cpp
AccessibilityMenuList.cpp
AccessibilityMenuListOption.cpp
AccessibilityMenuListPopup.cpp
AccessibilityMockObject.cpp
AccessibilityObject.cpp
AccessibilityProgressIndicator.cpp
AccessibilityRenderObject.cpp
AccessibilityScrollView.cpp
AccessibilityScrollbar.cpp
AccessibilitySlider.cpp
AccessibilitySpinButton.cpp
AccessibilityTable.cpp
AccessibilityTableCell.cpp
AccessibilityTableColumn.cpp
AccessibilityTableHeaderContainer.cpp
AccessibilityTableRow.cpp
AXObjectCacheChromium.cpp
AccessibilityObjectChromium.cpp
ScriptControllerBase.cpp
ActiveDOMCallback.cpp
BindingSecurityBase.cpp
RuntimeEnabledFeatures.cpp
DOMData.cpp
DOMDataStore.cpp
DOMWrapperWorld.cpp
DateExtension.cpp
IDBBindingUtilities.cpp
IsolatedWorld.cpp
JavaScriptCallFrame.cpp
NPObjectWrapper.cpp
NPV8Object.cpp
OptionsObject.cpp
PageScriptDebugServer.cpp
RetainedDOMInfo.cpp
ScheduledAction.cpp
ScopedDOMDataStore.cpp
ScriptCallStackFactory.cpp
ScriptController.cpp
ScriptDebugServer.cpp
ScriptEventListener.cpp
ScriptFunctionCall.cpp
ScriptGCEvent.cpp
ScriptHeapSnapshot.cpp
ScriptInstance.cpp
ScriptObject.cpp
ScriptProfile.cpp
ScriptProfileNode.cpp
ScriptProfiler.cpp
ScriptScope.cpp
ScriptState.cpp
ScriptValue.cpp
SerializedScriptValue.cpp
StaticDOMDataStore.cpp
V8AbstractEventListener.cpp
V8Binding.cpp
V8Collection.cpp
V8DOMMap.cpp
V8DOMWindowShell.cpp
V8DOMWrapper.cpp
V8EventListener.cpp
V8GCController.cpp
V8GCForContextDispose.cpp
V8Helpers.cpp
V8HiddenPropertyName.cpp
V8IsolatedContext.cpp
V8LazyEventListener.cpp
V8NPObject.cpp
V8NPUtils.cpp
V8NodeFilterCondition.cpp
V8Proxy.cpp
V8RecursionScope.cpp
V8Utilities.cpp
V8WindowErrorHandler.cpp
V8WorkerContextErrorHandler.cpp
V8WorkerContextEventListener.cpp
WorkerContextExecutionProxy.cpp
WorkerScriptController.cpp
WorkerScriptDebugServer.cpp
WorldContextHandle.cpp
V8ArrayBufferCustom.cpp
V8ArrayBufferViewCustom.cpp
V8AudioBufferSourceNodeCustom.cpp
V8AudioContextCustom.cpp
V8AudioNodeCustom.cpp
V8CSSRuleCustom.cpp
V8CSSStyleDeclarationCustom.cpp
V8CSSStyleSheetCustom.cpp
V8CSSValueCustom.cpp
V8CanvasPixelArrayCustom.cpp
V8CanvasRenderingContext2DCustom.cpp
V8ClipboardCustom.cpp
V8ConsoleCustom.cpp
V8CoordinatesCustom.cpp
V8CustomSQLStatementErrorCallback.cpp
V8CustomVoidCallback.cpp
V8CustomXPathNSResolver.cpp
V8DOMFormDataCustom.cpp
V8DOMStringMapCustom.cpp
V8DOMTokenListCustom.cpp
V8DOMWindowCustom.cpp
V8DataViewCustom.cpp
V8DedicatedWorkerContextCustom.cpp
V8DeviceMotionEventCustom.cpp
V8DeviceOrientationEventCustom.cpp
V8DirectoryEntryCustom.cpp
V8DirectoryEntrySyncCustom.cpp
V8DocumentCustom.cpp
V8DocumentLocationCustom.cpp
V8ElementCustom.cpp
V8EntryCustom.cpp
V8EntrySyncCustom.cpp
V8EventCustom.cpp
V8FileReaderCustom.cpp
V8Float32ArrayCustom.cpp
V8Float64ArrayCustom.cpp
V8GeolocationCustom.cpp
V8HTMLAllCollectionCustom.cpp
V8HTMLCanvasElementCustom.cpp
V8HTMLCollectionCustom.cpp
V8HTMLDocumentCustom.cpp
V8HTMLElementCustom.cpp
V8HTMLFormElementCustom.cpp
V8HTMLFrameElementCustom.cpp
V8HTMLFrameSetElementCustom.cpp
V8HTMLImageElementConstructor.cpp
V8HTMLInputElementCustom.cpp
V8HTMLLinkElementCustom.cpp
V8HTMLMediaElementCustom.cpp
V8HTMLOptionsCollectionCustom.cpp
V8HTMLOutputElementCustom.cpp
V8HTMLPlugInElementCustom.cpp
V8HTMLSelectElementCustom.cpp
V8HistoryCustom.cpp
V8IDBAnyCustom.cpp
V8IDBKeyCustom.cpp
V8ImageDataCustom.cpp
V8InjectedScriptHostCustom.cpp
V8InjectedScriptManager.cpp
V8InspectorFrontendHostCustom.cpp
V8Int16ArrayCustom.cpp
V8Int32ArrayCustom.cpp
V8Int8ArrayCustom.cpp
V8JavaScriptCallFrameCustom.cpp
V8LocationCustom.cpp
V8MessageChannelConstructor.cpp
V8MessageEventCustom.cpp
V8MessagePortCustom.cpp
V8MutationCallbackCustom.cpp
V8NamedNodeMapCustom.cpp
V8NamedNodesCollection.cpp
V8NavigatorCustom.cpp
V8NodeCustom.cpp
V8NodeListCustom.cpp
V8NotificationCenterCustom.cpp
V8PerformanceCustom.cpp
V8PopStateEventCustom.cpp
V8SQLResultSetRowListCustom.cpp
V8SQLTransactionCustom.cpp
V8SQLTransactionSyncCustom.cpp
V8SVGDocumentCustom.cpp
V8SVGElementCustom.cpp
V8SVGLengthCustom.cpp
V8SVGPathSegCustom.cpp
V8ScriptProfileCustom.cpp
V8ScriptProfileNodeCustom.cpp
V8StorageCustom.cpp
V8StyleSheetCustom.cpp
V8StyleSheetListCustom.cpp
V8TrackEventCustom.cpp
V8Uint16ArrayCustom.cpp
V8Uint32ArrayCustom.cpp
V8Uint8ArrayCustom.cpp
V8WebGLRenderingContextCustom.cpp
V8WebKitMutationObserverCustom.cpp
V8WebKitPointConstructor.cpp
V8WebSocketCustom.cpp
V8WorkerContextCustom.cpp
V8WorkerCustom.cpp
V8XMLHttpRequestConstructor.cpp
V8XMLHttpRequestCustom.cpp
V8XSLTProcessorCustom.cpp
npruntime.cpp
V8BindingState.cpp
CSSAspectRatioValue.cpp
CSSBorderImageValue.cpp
CSSBorderImageSliceValue.cpp
CSSCanvasValue.cpp
CSSCharsetRule.cpp
CSSComputedStyleDeclaration.cpp
CSSCrossfadeValue.cpp
CSSCursorImageValue.cpp
CSSElementStyleDeclaration.cpp
CSSFlexValue.cpp
CSSFontFace.cpp
CSSFontFaceRule.cpp
CSSFontFaceSource.cpp
CSSFontFaceSrcValue.cpp
CSSFontSelector.cpp
CSSFunctionValue.cpp
CSSGradientValue.cpp
CSSImageGeneratorValue.cpp
CSSImageValue.cpp
CSSImportRule.cpp
CSSInheritedValue.cpp
CSSInitialValue.cpp
CSSLineBoxContainValue.cpp
CSSMediaRule.cpp
CSSMutableStyleDeclaration.cpp
CSSOMUtils.cpp
CSSPageRule.cpp
CSSParser.cpp
CSSParserValues.cpp
CSSPrimitiveValue.cpp
CSSProperty.cpp
CSSPropertyLonghand.cpp
CSSPropertySourceData.cpp
CSSReflectValue.cpp
CSSRule.cpp
CSSRuleList.cpp
CSSSegmentedFontFace.cpp
CSSSelector.cpp
CSSSelectorList.cpp
CSSStyleApplyProperty.cpp
CSSStyleDeclaration.cpp
CSSStyleRule.cpp
CSSStyleSelector.cpp
CSSStyleSheet.cpp
CSSTimingFunctionValue.cpp
CSSUnicodeRangeValue.cpp
CSSValue.cpp
CSSValueList.cpp
CSSValuePool.cpp
CSSWrapShapes.cpp
FontFamilyValue.cpp
FontFeatureValue.cpp
FontValue.cpp
MediaFeatureNames.cpp
MediaList.cpp
MediaQuery.cpp
MediaQueryEvaluator.cpp
MediaQueryExp.cpp
MediaQueryList.cpp
MediaQueryListListener.cpp
MediaQueryMatcher.cpp
RGBColor.cpp
SVGCSSComputedStyleDeclaration.cpp
SVGCSSParser.cpp
SVGCSSStyleSelector.cpp
SelectorChecker.cpp
ShadowValue.cpp
StyleMedia.cpp
StyleSheet.cpp
StyleSheetList.cpp
WebKitCSSFilterValue.cpp
WebKitCSSKeyframeRule.cpp
WebKitCSSKeyframesRule.cpp
WebKitCSSMatrix.cpp
WebKitCSSRegionRule.cpp
WebKitCSSTransformValue.cpp
AppendNodeCommand.cpp
ApplyBlockElementCommand.cpp
ApplyStyleCommand.cpp
BreakBlockquoteCommand.cpp
CompositeEditCommand.cpp
CreateLinkCommand.cpp
DeleteButton.cpp
DeleteButtonController.cpp
DeleteFromTextNodeCommand.cpp
DeleteSelectionCommand.cpp
EditCommand.cpp
EditingStyle.cpp
Editor.cpp
EditorCommand.cpp
FormatBlockCommand.cpp
FrameSelection.cpp
HTMLInterchange.cpp
IndentOutdentCommand.cpp
InsertIntoTextNodeCommand.cpp
InsertLineBreakCommand.cpp
InsertListCommand.cpp
InsertNodeBeforeCommand.cpp
InsertParagraphSeparatorCommand.cpp
InsertTextCommand.cpp
MarkupAccumulator.cpp
MergeIdenticalElementsCommand.cpp
MoveSelectionCommand.cpp
RemoveCSSPropertyCommand.cpp
RemoveFormatCommand.cpp
RemoveNodeCommand.cpp
RemoveNodePreservingChildrenCommand.cpp
RenderedPosition.cpp
ReplaceNodeWithSpanCommand.cpp
ReplaceSelectionCommand.cpp
SetNodeAttributeCommand.cpp
SetSelectionCommand.cpp
SmartReplaceICU.cpp
SpellChecker.cpp
SpellingCorrectionCommand.cpp
SplitElementCommand.cpp
SplitTextNodeCommand.cpp
SplitTextNodeContainingElementCommand.cpp
TextCheckingHelper.cpp
TextIterator.cpp
TypingCommand.cpp
UnlinkCommand.cpp
VisiblePosition.cpp
VisibleSelection.cpp
WrapContentsInDummySpanCommand.cpp
EditorChromium.cpp
FrameSelectionChromium.cpp
htmlediting.cpp
markup.cpp
visible_units.cpp
Blob.cpp
BlobURL.cpp
DOMFilePath.cpp
DOMFileSystem.cpp
DOMFileSystemBase.cpp
DOMFileSystemSync.cpp
DirectoryEntry.cpp
DirectoryEntrySync.cpp
DirectoryReader.cpp
DirectoryReaderSync.cpp
Entry.cpp
EntryArray.cpp
EntryArraySync.cpp
EntryBase.cpp
EntrySync.cpp
File.cpp
FileEntry.cpp
FileEntrySync.cpp
FileException.cpp
FileList.cpp
FileReader.cpp
FileReaderLoader.cpp
FileReaderSync.cpp
FileStreamProxy.cpp
FileSystemCallbacks.cpp
FileThread.cpp
FileWriter.cpp
FileWriterBase.cpp
FileWriterSync.cpp
OperationNotAllowedException.cpp
ThreadableBlobRegistry.cpp
WebKitBlobBuilder.cpp
BackForwardController.cpp
BackForwardListImpl.cpp
CachedFrame.cpp
CachedPage.cpp
HistoryItem.cpp
PageCache.cpp
ConsoleMessage.cpp
ContentSearchUtils.cpp
DOMNodeHighlighter.cpp
IdentifiersFactory.cpp
InjectedScript.cpp
InjectedScriptHost.cpp
InjectedScriptManager.cpp
InspectorAgent.cpp
InspectorApplicationCacheAgent.cpp
InspectorBaseAgent.cpp
InspectorCSSAgent.cpp
InspectorConsoleAgent.cpp
InspectorController.cpp
InspectorDOMAgent.cpp
InspectorDOMDebuggerAgent.cpp
InspectorDOMStorageAgent.cpp
InspectorDOMStorageResource.cpp
InspectorDatabaseAgent.cpp
InspectorDatabaseResource.cpp
InspectorDebuggerAgent.cpp
InspectorFileSystemAgent.cpp
InspectorFrontendHost.cpp
InspectorInstrumentation.cpp
InspectorMemoryAgent.cpp
InspectorPageAgent.cpp
InspectorProfilerAgent.cpp
InspectorResourceAgent.cpp
InspectorRuntimeAgent.cpp
InspectorState.cpp
InspectorStyleSheet.cpp
InspectorStyleTextEditor.cpp
InspectorTimelineAgent.cpp
InspectorValues.cpp
InspectorWorkerAgent.cpp
InstrumentingAgents.cpp
NetworkResourcesData.cpp
PageConsoleAgent.cpp
PageDebuggerAgent.cpp
PageRuntimeAgent.cpp
ScriptArguments.cpp
ScriptCallFrame.cpp
ScriptCallStack.cpp
TimelineRecordFactory.cpp
WorkerConsoleAgent.cpp
WorkerDebuggerAgent.cpp
WorkerInspectorController.cpp
WorkerRuntimeAgent.cpp
CrossOriginAccessControl.cpp
CrossOriginPreflightResultCache.cpp
DocumentLoadTiming.cpp
DocumentLoader.cpp
DocumentThreadableLoader.cpp
DocumentWriter.cpp
FTPDirectoryParser.cpp
FormState.cpp
FormSubmission.cpp
FrameLoader.cpp
FrameLoaderStateMachine.cpp
HistoryController.cpp
ImageLoader.cpp
LinkLoader.cpp
MainResourceLoader.cpp
NavigationAction.cpp
NavigationScheduler.cpp
PingLoader.cpp
PlaceholderDocument.cpp
PolicyCallback.cpp
PolicyChecker.cpp
ProgressTracker.cpp
ResourceLoadNotifier.cpp
ResourceLoadScheduler.cpp
ResourceLoader.cpp
SinkDocument.cpp
SubframeLoader.cpp
SubresourceLoader.cpp
TextResourceDecoder.cpp
TextTrackLoader.cpp
ThreadableLoader.cpp
WorkerThreadableLoader.cpp
DOMApplicationCache.cpp
Archive.cpp
ArchiveFactory.cpp
ArchiveResource.cpp
ArchiveResourceCollection.cpp
MHTMLArchive.cpp
MHTMLParser.cpp
CachedCSSStyleSheet.cpp
CachedFont.cpp
CachedImage.cpp
CachedRawResource.cpp
CachedResource.cpp
CachedResourceHandle.cpp
CachedResourceLoader.cpp
CachedScript.cpp
CachedTextTrack.cpp
CachedXSLStyleSheet.cpp
MemoryCache.cpp
CachedRawResourceChromium.cpp
DocumentThreadableLoaderChromium.cpp
ResourceLoaderChromium.cpp
SubresourceLoaderChromium.cpp
IconController.cpp
IconDatabaseBase.cpp
IconLoader.cpp
LocalMediaStream.cpp
MediaStream.cpp
MediaStreamEvent.cpp
MediaStreamList.cpp
MediaStreamRegistry.cpp
MediaStreamTrack.cpp
MediaStreamTrackList.cpp
PeerConnection.cpp
UserMediaRequest.cpp
Notification.cpp
NotificationCenter.cpp
NotificationController.cpp
BarInfo.cpp
Chrome.cpp
Console.cpp
ContentSecurityPolicy.cpp
ContextMenuController.cpp
Crypto.cpp
DOMSelection.cpp
DOMTimer.cpp
DOMWindow.cpp
DragController.cpp
EventHandler.cpp
EventSource.cpp
FocusController.cpp
Frame.cpp
FrameActionScheduler.cpp
FrameTree.cpp
FrameView.cpp
Geolocation.cpp
GeolocationController.cpp
GroupSettings.cpp
History.cpp
Location.cpp
MemoryInfo.cpp
MouseEventWithHitTestResults.cpp
Navigator.cpp
NavigatorBase.cpp
OriginAccessEntry.cpp
Page.cpp
PageGroup.cpp
PageGroupLoadDeferrer.cpp
PageVisibilityState.cpp
Performance.cpp
PerformanceNavigation.cpp
PerformanceTiming.cpp
PointerLock.cpp
PrintContext.cpp
Screen.cpp
SecurityOrigin.cpp
SecurityPolicy.cpp
Settings.cpp
SpatialNavigation.cpp
SpeechInput.cpp
SpeechInputEvent.cpp
SpeechInputResult.cpp
SpeechInputResultList.cpp
SuspendableTimer.cpp
UserContentURLPattern.cpp
WindowFeatures.cpp
WorkerNavigator.cpp
AnimationBase.cpp
AnimationController.cpp
CompositeAnimation.cpp
ImplicitAnimation.cpp
KeyframeAnimation.cpp
DragControllerChromium.cpp
EventHandlerChromium.cpp
DOMMimeType.cpp
DOMMimeTypeArray.cpp
DOMPlugin.cpp
DOMPluginArray.cpp
IFrameShimSupport.cpp
PluginData.cpp
PluginDataChromium.cpp
AbstractDatabase.cpp
ChangeVersionWrapper.cpp
Database.cpp
DatabaseAuthorizer.cpp
DatabaseSync.cpp
DatabaseTask.cpp
DatabaseThread.cpp
IDBAny.cpp
IDBCursor.cpp
IDBCursorBackendImpl.cpp
IDBCursorWithValue.cpp
IDBDatabase.cpp
IDBDatabaseBackendImpl.cpp
IDBDatabaseCallbacksImpl.cpp
IDBDatabaseException.cpp
IDBEventDispatcher.cpp
IDBFactory.cpp
IDBFactoryBackendImpl.cpp
IDBIndex.cpp
IDBIndexBackendImpl.cpp
IDBKey.cpp
IDBKeyPath.cpp
IDBKeyRange.cpp
IDBLevelDBCoding.cpp
IDBLevelDBBackingStore.cpp
IDBObjectStore.cpp
IDBObjectStoreBackendImpl.cpp
IDBPendingTransactionMonitor.cpp
IDBRequest.cpp
IDBTransaction.cpp
IDBTransactionBackendImpl.cpp
IDBTransactionCoordinator.cpp
IDBVersionChangeEvent.cpp
IDBVersionChangeRequest.cpp
LocalStorageTask.cpp
LocalStorageThread.cpp
SQLException.cpp
SQLResultSet.cpp
SQLResultSetRowList.cpp
SQLStatement.cpp
SQLStatementSync.cpp
SQLTransaction.cpp
SQLTransactionCoordinator.cpp
SQLTransactionSync.cpp
Storage.cpp
StorageAreaImpl.cpp
StorageAreaSync.cpp
StorageEvent.cpp
StorageInfo.cpp
StorageMap.cpp
StorageNamespaceImpl.cpp
StorageSyncManager.cpp
StorageTracker.cpp
DatabaseTrackerChromium.cpp
IDBFactoryBackendInterface.cpp
IDBKeyPathBackendImpl.cpp
QuotaTracker.cpp
SQLTransactionClientChromium.cpp
AudioBasicProcessorNode.cpp
AudioBuffer.cpp
AudioBufferSourceNode.cpp
AudioChannelMerger.cpp
AudioChannelSplitter.cpp
AudioContext.cpp
AudioDestinationNode.cpp
AudioGainNode.cpp
AudioListener.cpp
AudioNode.cpp
AudioNodeInput.cpp
AudioNodeOutput.cpp
AudioPannerNode.cpp
AudioParam.cpp
AudioParamTimeline.cpp
AudioProcessingEvent.cpp
AsyncAudioDecoder.cpp
BiquadDSPKernel.cpp
BiquadFilterNode.cpp
BiquadProcessor.cpp
ConvolverNode.cpp
DefaultAudioDestinationNode.cpp
DelayDSPKernel.cpp
DelayNode.cpp
DelayProcessor.cpp
DynamicsCompressorNode.cpp
HighPass2FilterNode.cpp
JavaScriptAudioNode.cpp
LowPass2FilterNode.cpp
MediaElementAudioSourceNode.cpp
OfflineAudioCompletionEvent.cpp
OfflineAudioDestinationNode.cpp
RealtimeAnalyser.cpp
RealtimeAnalyserNode.cpp
WaveShaperDSPKernel.cpp
WaveShaperNode.cpp
WaveShaperProcessor.cpp
ThreadableWebSocketChannel.cpp
ThreadableWebSocketChannelClientWrapper.cpp
WebSocket.cpp
WebSocketChannel.cpp
WebSocketHandshake.cpp
WebSocketHandshakeRequest.cpp
WebSocketHandshakeResponse.cpp
WorkerThreadableWebSocketChannel.cpp
AbstractWorker.cpp
DedicatedWorkerContext.cpp
DedicatedWorkerThread.cpp
SharedWorker.cpp
SharedWorkerContext.cpp
Worker.cpp
WorkerContext.cpp
WorkerEventQueue.cpp
WorkerLocation.cpp
WorkerMessagingProxy.cpp
WorkerRunLoop.cpp
WorkerScriptLoader.cpp
WorkerThread.cpp
NewXMLDocumentParser.cpp
XMLDocumentParser.cpp
XMLDocumentParserLibxml2.cpp
XMLDocumentParserScope.cpp
DOMParser.cpp
NativeXPathNSResolver.cpp
XMLErrors.cpp
XMLHttpRequest.cpp
XMLHttpRequestException.cpp
XMLHttpRequestProgressEventThrottle.cpp
XMLHttpRequestUpload.cpp
XMLSerializer.cpp
XMLTreeViewer.cpp
XPathEvaluator.cpp
XPathException.cpp
XPathExpression.cpp
XPathExpressionNode.cpp
XPathFunctions.cpp
XPathNSResolver.cpp
XPathNodeSet.cpp
XPathParser.cpp
XPathPath.cpp
XPathPredicate.cpp
XPathResult.cpp
XPathStep.cpp
XPathUtil.cpp
XPathValue.cpp
XPathVariableReference.cpp
XSLImportRule.cpp
XSLStyleSheetLibxslt.cpp
XSLTExtensions.cpp
XSLTProcessor.cpp
XSLTProcessorLibxslt.cpp
XSLTUnicodeSort.cpp
extension.cc
language-matcher.cc
locale.cc
utils.cc
v8-i18n-js.cc
AutoTableLayout.cpp
BidiRun.cpp
CounterNode.cpp
EllipsisBox.cpp
FilterEffectRenderer.cpp
FixedTableLayout.cpp
HitTestingTransformState.cpp
HitTestResult.cpp
InlineBox.cpp
InlineFlowBox.cpp
InlineTextBox.cpp
LayoutState.cpp
LayoutRepainter.cpp
PointerEventsHitRules.cpp
RenderApplet.cpp
RenderArena.cpp
RenderBR.cpp
RenderBlock.cpp
RenderBlockLineLayout.cpp
RenderBox.cpp
RenderBoxModelObject.cpp
RenderButton.cpp
RenderCombineText.cpp
RenderCounter.cpp
RenderDeprecatedFlexibleBox.cpp
RenderDetails.cpp
RenderDetailsMarker.cpp
RenderEmbeddedObject.cpp
RenderFieldset.cpp
RenderFileUploadControl.cpp
RenderFlexibleBox.cpp
RenderFlowThread.cpp
RenderFrame.cpp
RenderFrameBase.cpp
RenderFrameSet.cpp
RenderFullScreen.cpp
RenderHTMLCanvas.cpp
RenderIFrame.cpp
RenderImage.cpp
RenderImageResource.cpp
RenderImageResourceStyleImage.cpp
RenderInline.cpp
RenderInputSpeech.cpp
RenderLayer.cpp
RenderLayerBacking.cpp
RenderLayerCompositor.cpp
RenderLineBoxList.cpp
RenderListBox.cpp
RenderListItem.cpp
RenderListMarker.cpp
RenderMarquee.cpp
RenderMedia.cpp
RenderMediaControlsChromium.cpp
RenderMenuList.cpp
RenderMeter.cpp
RenderObject.cpp
RenderObjectChildList.cpp
RenderPart.cpp
RenderProgress.cpp
RenderQuote.cpp
RenderRegion.cpp
RenderReplaced.cpp
RenderReplica.cpp
RenderRuby.cpp
RenderRubyBase.cpp
RenderRubyRun.cpp
RenderRubyText.cpp
RenderScrollbar.cpp
RenderScrollbarPart.cpp
RenderScrollbarTheme.cpp
RenderSlider.cpp
RenderSummary.cpp
RenderTable.cpp
RenderTableCell.cpp
RenderTableCol.cpp
RenderTableRow.cpp
RenderTableSection.cpp
RenderText.cpp
RenderTextControl.cpp
RenderTextControlMultiLine.cpp
RenderTextControlSingleLine.cpp
RenderTextFragment.cpp
RenderTheme.cpp
RenderThemeChromiumLinux.cpp
RenderThemeChromiumSkia.cpp
RenderTreeAsText.cpp
RenderVideo.cpp
RenderView.cpp
RenderWidget.cpp
RenderWordBreak.cpp
RootInlineBox.cpp
break_lines.cpp
ContentData.cpp
CounterDirectives.cpp
FillLayer.cpp
KeyframeList.cpp
NinePieceImage.cpp
QuotesData.cpp
RenderStyle.cpp
ShadowData.cpp
StyleBackgroundData.cpp
StyleBoxData.cpp
StyleCachedImage.cpp
StyleDeprecatedFlexibleBoxData.cpp
StyleFilterData.cpp
StyleFlexibleBoxData.cpp
StyleGeneratedImage.cpp
StyleInheritedData.cpp
StyleMarqueeData.cpp
StyleMultiColData.cpp
StyleRareInheritedData.cpp
StyleRareNonInheritedData.cpp
StyleSurroundData.cpp
StyleTransformData.cpp
StyleVisualData.cpp
V8DerivedSources01.cpp
V8DerivedSources02.cpp
V8DerivedSources03.cpp
V8DerivedSources04.cpp
V8DerivedSources05.cpp
V8DerivedSources06.cpp
V8DerivedSources07.cpp
V8DerivedSources08.cpp
V8DerivedSources09.cpp
V8DerivedSources10.cpp
V8DerivedSources11.cpp
V8DerivedSources12.cpp
V8DerivedSources13.cpp
V8DerivedSources14.cpp
V8DerivedSources15.cpp
V8DerivedSources16.cpp
V8DerivedSources17.cpp
V8DerivedSources18.cpp
V8DerivedSources19.cpp
ColorData.cpp
CSSPropertyNames.cpp
CSSValueKeywords.cpp
HTMLElementFactory.cpp
HTMLNames.cpp
EventFactory.cpp
ExceptionCodeDescription.cpp
V8HTMLElementWrapperFactory.cpp
XLinkNames.cpp
XMLNSNames.cpp
XMLNames.cpp
SVGNames.cpp
MathMLNames.cpp
WebKitFontFamilyNames.cpp
HTMLEntityTable.cpp
CSSGrammar.cpp
XPathGrammar.cpp
InspectorFrontend.cpp
InspectorBackendDispatcher.cpp
SVGElementFactory.cpp
V8SVGElementWrapperFactory.cpp
SVGRenderStyle.cpp
SVGRenderStyleDefs.cpp
RenderSVGBlock.cpp
RenderSVGContainer.cpp
RenderSVGForeignObject.cpp
RenderSVGGradientStop.cpp
RenderSVGHiddenContainer.cpp
RenderSVGImage.cpp
RenderSVGInline.cpp
RenderSVGInlineText.cpp
RenderSVGModelObject.cpp
RenderSVGPath.cpp
RenderSVGRect.cpp
RenderSVGResource.cpp
RenderSVGResourceClipper.cpp
RenderSVGResourceContainer.cpp
RenderSVGResourceFilter.cpp
RenderSVGResourceFilterPrimitive.cpp
RenderSVGResourceGradient.cpp
RenderSVGResourceLinearGradient.cpp
RenderSVGResourceMarker.cpp
RenderSVGResourceMasker.cpp
RenderSVGResourcePattern.cpp
RenderSVGResourceRadialGradient.cpp
RenderSVGResourceSolidColor.cpp
RenderSVGRoot.cpp
RenderSVGShadowTreeRootContainer.cpp
RenderSVGShape.cpp
RenderSVGTSpan.cpp
RenderSVGText.cpp
RenderSVGTextPath.cpp
RenderSVGTransformableContainer.cpp
RenderSVGViewportContainer.cpp
SVGImageBufferTools.cpp
SVGInlineFlowBox.cpp
SVGInlineTextBox.cpp
SVGMarkerLayoutInfo.cpp
SVGPathData.cpp
SVGRenderSupport.cpp
SVGRenderTreeAsText.cpp
SVGResources.cpp
SVGResourcesCache.cpp
SVGResourcesCycleSolver.cpp
SVGRootInlineBox.cpp
SVGShadowTreeElements.cpp
SVGTextChunk.cpp
SVGTextChunkBuilder.cpp
SVGTextLayoutAttributes.cpp
SVGTextLayoutAttributesBuilder.cpp
SVGTextLayoutEngine.cpp
SVGTextLayoutEngineBaseline.cpp
SVGTextLayoutEngineSpacing.cpp
SVGTextMetrics.cpp
SVGTextQuery.cpp
SVGTextRunRenderingContext.cpp
ColorDistance.cpp
SVGAElement.cpp
SVGAltGlyphDefElement.cpp
SVGAltGlyphElement.cpp
SVGAltGlyphItemElement.cpp
SVGAngle.cpp
SVGAnimateColorElement.cpp
SVGAnimatedAngle.cpp
SVGAnimatedBoolean.cpp
SVGAnimatedColor.cpp
SVGAnimatedInteger.cpp
SVGAnimatedLength.cpp
SVGAnimatedLengthList.cpp
SVGAnimatedNumber.cpp
SVGAnimatedNumberList.cpp
SVGAnimatedNumberOptionalNumber.cpp
SVGAnimatedPath.cpp
SVGAnimatedPointList.cpp
SVGAnimatedPreserveAspectRatio.cpp
SVGAnimatedRect.cpp
SVGAnimatedString.cpp
SVGAnimatedType.cpp
SVGAnimateElement.cpp
SVGAnimateMotionElement.cpp
SVGAnimateTransformElement.cpp
SVGAnimationElement.cpp
SVGCircleElement.cpp
SVGClipPathElement.cpp
SVGColor.cpp
SVGComponentTransferFunctionElement.cpp
SVGCursorElement.cpp
SVGDefsElement.cpp
SVGDescElement.cpp
SVGDocument.cpp
SVGDocumentExtensions.cpp
SVGElement.cpp
SVGElementInstance.cpp
SVGElementInstanceList.cpp
SVGEllipseElement.cpp
SVGException.cpp
SVGExternalResourcesRequired.cpp
SVGFEBlendElement.cpp
SVGFEColorMatrixElement.cpp
SVGFEComponentTransferElement.cpp
SVGFECompositeElement.cpp
SVGFEConvolveMatrixElement.cpp
SVGFEDiffuseLightingElement.cpp
SVGFEDisplacementMapElement.cpp
SVGFEDistantLightElement.cpp
SVGFEDropShadowElement.cpp
SVGFEFloodElement.cpp
SVGFEFuncAElement.cpp
SVGFEFuncBElement.cpp
SVGFEFuncGElement.cpp
SVGFEFuncRElement.cpp
SVGFEGaussianBlurElement.cpp
SVGFEImageElement.cpp
SVGFELightElement.cpp
SVGFEMergeElement.cpp
SVGFEMergeNodeElement.cpp
SVGFEMorphologyElement.cpp
SVGFEOffsetElement.cpp
SVGFEPointLightElement.cpp
SVGFESpecularLightingElement.cpp
SVGFESpotLightElement.cpp
SVGFETileElement.cpp
SVGFETurbulenceElement.cpp
SVGFilterElement.cpp
SVGFilterPrimitiveStandardAttributes.cpp
SVGFitToViewBox.cpp
SVGFontData.cpp
SVGFontElement.cpp
SVGFontFaceElement.cpp
SVGFontFaceFormatElement.cpp
SVGFontFaceNameElement.cpp
SVGFontFaceSrcElement.cpp
SVGFontFaceUriElement.cpp
SVGForeignObjectElement.cpp
SVGGElement.cpp
SVGGlyphElement.cpp
SVGGlyphRefElement.cpp
SVGGradientElement.cpp
SVGHKernElement.cpp
SVGImageElement.cpp
SVGImageLoader.cpp
SVGLangSpace.cpp
SVGLength.cpp
SVGLengthContext.cpp
SVGLengthList.cpp
SVGLineElement.cpp
SVGLinearGradientElement.cpp
SVGLocatable.cpp
SVGMPathElement.cpp
SVGMarkerElement.cpp
SVGMaskElement.cpp
SVGMetadataElement.cpp
SVGMissingGlyphElement.cpp
SVGNumberList.cpp
SVGPaint.cpp
SVGParserUtilities.cpp
SVGPathBlender.cpp
SVGPathBuilder.cpp
SVGPathByteStreamBuilder.cpp
SVGPathByteStreamSource.cpp
SVGPathElement.cpp
SVGPathParser.cpp
SVGPathParserFactory.cpp
SVGPathSegList.cpp
SVGPathSegListBuilder.cpp
SVGPathSegListSource.cpp
SVGPathStringBuilder.cpp
SVGPathStringSource.cpp
SVGPathTraversalStateBuilder.cpp
SVGPatternElement.cpp
SVGPointList.cpp
SVGPolyElement.cpp
SVGPolygonElement.cpp
SVGPolylineElement.cpp
SVGPreserveAspectRatio.cpp
SVGRadialGradientElement.cpp
SVGRectElement.cpp
SVGSVGElement.cpp
SVGScriptElement.cpp
SVGSetElement.cpp
SVGStopElement.cpp
SVGStringList.cpp
SVGStyleElement.cpp
SVGStyledElement.cpp
SVGStyledLocatableElement.cpp
SVGStyledTransformableElement.cpp
SVGSwitchElement.cpp
SVGSymbolElement.cpp
SVGTRefElement.cpp
SVGTSpanElement.cpp
SVGTests.cpp
SVGTextContentElement.cpp
SVGTextElement.cpp
SVGTextPathElement.cpp
SVGTextPositioningElement.cpp
SVGTitleElement.cpp
SVGTransform.cpp
SVGTransformDistance.cpp
SVGTransformList.cpp
SVGTransformable.cpp
SVGURIReference.cpp
SVGUseElement.cpp
SVGVKernElement.cpp
SVGViewElement.cpp
SVGViewSpec.cpp
SVGZoomAndPan.cpp
SVGZoomEvent.cpp
SMILTime.cpp
SMILTimeContainer.cpp
SVGSMILElement.cpp
SVGImageCache.cpp
SVGImage.cpp
SVGFEImage.cpp
SVGFilter.cpp
SVGFilterBuilder.cpp
SVGAttributeToPropertyMap.cpp
SVGPathSegListPropertyTearOff.cpp
connection.cc
meta_table.cc
statement.cc
transaction.cc
ppb_file_io_shared.cc
ppb_input_event_shared.cc
ppb_url_request_info_shared.cc
ppb_video_decoder_shared.cc
resource_tracker.cc
var_tracker.cc
buffer_manager.cc
framebuffer_manager.cc
cmd_parser.cc
command_buffer_service.cc
common_decoder.cc
context_group.cc
feature_info.cc
gles2_cmd_decoder.cc
gles2_cmd_validation.cc
gpu_scheduler.cc
id_manager.cc
program_manager.cc
renderbuffer_manager.cc
shader_manager.cc
shader_translator.cc
texture_manager.cc
vertex_attrib_manager.cc
media_switches.cc
http_server_properties.cc
ssl_false_start_blacklist_data.cc
SkDither.cpp
rbtz.cpp
vtzone.cpp
jaricom.c
custom_data_helper_x.cc
plugin_switches.cc
devtools_resources_map.cc
base_switches.cc
sslenum.c
snapshot.cc
token.cc
version.cc
gl_switches.cc
ClipboardMimeTypes.cpp
SQLiteAuthorizer.cpp
ScrollBehavior.cpp
UserAgentStyleSheetsData.cpp
xdg_user_dir_lookup.cc
event_recorder_stubs.cc
sync_socket_posix.cc
g_fmt.cc
debugger.cc
profiler.cc
stack_trace.cc
file_util_linux.cc
json_reader.cc
json_value_converter.cc
json_value_serializer.cc
json_writer.cc
process_linux.cc
process_posix.cc
process_util.cc
scoped_profile.cc
scoped_native_library.cc
cancellation_flag.cc
waitable_event_watcher_posix.cc
system_monitor_posix.cc
non_thread_safe_impl.cc
thread_checker_impl.cc
thread_collision_warner.cc
worker_pool.cc
value_conversions.cc
bidi_line_iterator.cc
break_iterator.cc
number_formatting.cc
string_search.cc
simple_sources.cc
djb2.cc
file_protocol.cc
file_data_source.cc
file_data_source_factory.cc
fake_video_capture_device.cc
video_capture_device_linux.cc
video_capture_proxy.cc
picture.cc
video_decode_accelerator.cc
big_endian.cc
escape_icu.cc
keygen_handler.cc
keygen_handler_nss.cc
mapped_host_resolver.cc
mime_sniffer.cc
ssl_cipher_suite_names.cc
test_data_stream.cc
test_root_certs.cc
dns_client.cc
dns_config_service_posix.cc
dns_query.cc
dns_response.cc
dns_session.cc
dns_transaction.cc
serial_worker.cc
watching_file_reader.cc
http_auth_filter.cc
http_network_session_peer.cc
dhcp_proxy_script_fetcher.cc
dhcp_proxy_script_fetcher_factory.cc
network_delegate_error_observer.cc
proxy_config_service_fixed.cc
proxy_resolver_js_bindings.cc
proxy_script_fetcher_impl.cc
sync_host_resolver_bridge.cc
ssl_server_socket_nss.cc
tcp_server_socket_libevent.cc
nsKeygenHandler.cpp
nsNSSCertTrust.cpp
nsPKCS12Blob.cpp
udp_server_socket.cc
url_request_context_getter.cc
view_cache_helper.cc
image.cc
image_linux.cc
page_number.cc
page_range.cc
page_setup.cc
page_size_margins.cc
printed_document_gtk.cc
printing_context.cc
print_settings.cc
print_settings_initializer.cc
units.cc
cups_helper.cc
printing_context_gtk.cc
instruction_map.cc
SkBitmapSampler.cpp
SkBitmap_scroll.cpp
SkConcaveToTriangles.cpp
SkCordic.cpp
SkCubicClipper.cpp
SkFilterProc.cpp
SkFlate.cpp
SkFloat.cpp
SkMMapStream.cpp
SkPathEffect.cpp
SkQuadClipper.cpp
SkRefDict.cpp
SkScalar.cpp
SkShape.cpp
Sk1DPathEffect.cpp
Sk2DPathEffect.cpp
SkAvoidXfermode.cpp
SkBlurDrawLooper.cpp
SkColorMatrixFilter.cpp
SkDiscretePathEffect.cpp
SkEmbossMask.cpp
SkEmbossMaskFilter.cpp
SkKernel33MaskFilter.cpp
SkLayerRasterizer.cpp
SkPaintFlagsDrawFilter.cpp
SkPorterDuff.cpp
SkPixelXorXfermode.cpp
SkTransparentShader.cpp
GrGLCreateNativeInterface_none.cpp
GrTesselatedPathRenderer.cpp
SkGpuCanvas.cpp
bmpdecoderhelper.cpp
SkCreateRLEPixelRef.cpp
SkImageDecoder.cpp
SkImageDecoder_Factory.cpp
SkScaledBitmapSampler.cpp
SkBitSet.cpp
SkPDFCatalog.cpp
SkPDFDevice.cpp
SkPDFDocument.cpp
SkPDFFont.cpp
SkPDFFormXObject.cpp
SkPDFGraphicState.cpp
SkPDFImage.cpp
SkPDFPage.cpp
SkPDFShader.cpp
SkPDFStream.cpp
SkPDFTypes.cpp
SkPDFUtils.cpp
SkFontHost_sandbox_none.cpp
SkGlobalInitialization_chromium.cpp
SkOSFile_stdio.cpp
SkTime_Unix.cpp
vector_canvas.cc
vector_platform_device_skia.cc
anytrans.cpp
bms.cpp
bmsearch.cpp
brktrans.cpp
casetrn.cpp
colldata.cpp
cpdtrans.cpp
currfmt.cpp
dtitvfmt.cpp
dtitvinf.cpp
esctrn.cpp
fmtable_cnv.cpp
funcrepl.cpp
locdspnm.cpp
measfmt.cpp
name2uni.cpp
nortrans.cpp
nultrans.cpp
quant.cpp
rbt.cpp
rbt_data.cpp
rbt_pars.cpp
rbt_rule.cpp
rbt_set.cpp
remtrans.cpp
search.cpp
strmatch.cpp
strrepl.cpp
stsearch.cpp
titletrn.cpp
tmunit.cpp
tmutamt.cpp
tmutfmt.cpp
tolowtrn.cpp
toupptrn.cpp
translit.cpp
transreg.cpp
tridpars.cpp
ucal.cpp
ucol_sit.cpp
udat.cpp
udatpg.cpp
ulocdata.c
umsg.cpp
unesctrn.cpp
uni2name.cpp
unum.cpp
uregexc.cpp
uspoof.cpp
uspoof_build.cpp
uspoof_conf.cpp
uspoof_impl.cpp
uspoof_wsconf.cpp
utmscale.c
utrans.cpp
vzone.cpp
zrule.cpp
ztrans.cpp
bytestream.cpp
dtintrv.cpp
errorcode.cpp
icudataver.c
locmap.c
propsvec.c
resbund_cnv.cpp
ubidi.c
ubidiln.c
ubidiwrt.c
ucasemap.c
ucat.c
ucnv_set.c
ucnvdisp.c
ucnvsel.cpp
ucol_swp.cpp
udataswp.c
ulist.c
unormcmp.cpp
ures_cnv.c
usc_impl.c
ushape.c
ustr_wcs.c
util_props.cpp
utrace.c
uts46.cpp
jdatadst.c
jdatasrc.c
c14n.c
DOCBparser.c
legacy.c
schematron.c
xlink.c
xmlmodule.c
xmlwriter.c
BoundObject.cpp
CCThreadImpl.cpp
WebFontRendering.cpp
WebRenderTheme.cpp
StorageEventDispatcherImpl.cpp
WebArrayBuffer.cpp
WebArrayBufferView.cpp
WebBlob.cpp
WebCache.cpp
WebColor.cpp
WebCommon.cpp
WebCompositorImpl.cpp
WebContentLayer.cpp
WebCrossOriginPreflightResultCache.cpp
WebDOMMessageEvent.cpp
WebDOMMouseEvent.cpp
WebDOMMutationEvent.cpp
WebDeviceOrientationClientMock.cpp
WebDeviceOrientationController.cpp
WebDocumentType.cpp
WebExternalTextureLayer.cpp
WebFloatQuad.cpp
WebFontCache.cpp
WebFontDescription.cpp
WebGeolocationController.cpp
WebGeolocationClientMock.cpp
WebGeolocationError.cpp
WebGeolocationPermissionRequest.cpp
WebGeolocationPermissionRequestManager.cpp
WebGlyphCache.cpp
WebImageDecoder.cpp
WebIntent.cpp
WebIntentServiceInfo.cpp
WebLabelElement.cpp
WebLayer.cpp
WebLayerTreeView.cpp
WebMediaElement.cpp
WebMediaStreamRegistry.cpp
WebNodeCollection.cpp
WebNodeList.cpp
WebOptionElement.cpp
WebPasswordFormData.cpp
WebPasswordFormUtils.cpp
WebRegularExpression.cpp
WebSocket.cpp
WebStorageEventDispatcherImpl.cpp
WebTextRun.cpp
zip.c
accelerator.cc
accessible_text_utils.cc
accessible_view_state.cc
animation.cc
linear_animation.cc
multi_animation.cc
slide_animation.cc
throb_animation.cc
tween.cc
gtk_dnd_util.cc
focus_store_gtk.cc
gtk_expanded_container.cc
gtk_floating_container.cc
gtk_screen_utils.cc
gtk_windowing.cc
owned_widget_gtk.cc
tooltip_window_gtk.cc
composition_text.cc
input_method_base.cc
text_input_client.cc
keyboard_code_conversion.cc
keyboard_code_conversion_gtk.cc
keyboard_code_conversion_x.cc
l10n_font_util.cc
l10n_util_posix.cc
menu_model.cc
table_model.cc
tree_model.cc
range.cc
resource_bundle_gtk.cc
resource_bundle_linux.cc
bytes_formatting.cc
text_elider.cc
theme_provider.cc
root_window_property_watcher_x.cc
jpeg_codec.cc
color_analysis.cc
favicon_size.cc
gfx_paths.cc
image_util.cc
insets.cc
interpolated_transform.cc
native_theme.cc
path.cc
path_gtk.cc
screen_gtk.cc
scrollbar_size.cc
selection_model.cc
skbitmap_operations.cc
transform.cc
gtk_preserve_window.cc
quota_table.cc
form_data.cc
form_data_predictions.cc
form_field_predictions.cc
password_form.cc
audio_helper.cc
file_callbacks.cc
file_path.cc
host_array_buffer_var.cc
host_resource_tracker.cc
message_channel.cc
npapi_glue.cc
npobject_var.cc
plugin_object.cc
ppapi_webplugin_impl.cc
ppb_audio_impl.cc
ppb_audio_input_impl.cc
ppb_broker_impl.cc
ppb_buffer_impl.cc
ppb_cursor_control_impl.cc
ppb_file_io_impl.cc
ppb_file_ref_impl.cc
ppb_file_system_impl.cc
ppb_flash_clipboard_impl.cc
ppb_flash_file_impl.cc
ppb_flash_net_connector_impl.cc
ppb_font_impl.cc
ppb_gpu_blacklist_private_impl.cc
ppb_graphics_3d_impl.cc
ppb_image_data_impl.cc
ppb_layer_compositor_impl.cc
ppb_proxy_impl.cc
ppb_tcp_socket_private_impl.cc
ppb_text_input_impl.cc
ppb_udp_socket_private_impl.cc
ppb_uma_private_impl.cc
ppb_url_request_info_impl.cc
ppb_url_response_info_impl.cc
ppb_var_deprecated_impl.cc
ppb_video_decoder_impl.cc
ppb_video_layer_impl.cc
ppb_video_layer_software.cc
ppb_widget_impl.cc
resource_creation_impl.cc
resource_helper.cc
string.cc
webkit_forwarding_impl.cc
sad_plugin.cc
alt_error_page_resource_fetcher.cc
context_menu.cc
cpp_binding_example.cc
image_decoder.cc
image_resource_fetcher.cc
npruntime_util.cc
p2p_transport.cc
resource_fetcher.cc
webcookie.cc
weburlrequest_extradata_impl.cc
web_intent_data.cc
web_intent_service_data.cc
web_io_operators.cc
window_open_disposition.cc
playback_extension.cc
profiler_extension.cc
ppb_transport_impl.cc
drag_download_file.cc
drag_download_util.cc
download_util.cc
demangle.cc
symbolize.cc
buffer.c
evbuffer.c
evdns.c
event_tagging.c
evrpc.c
http.c
strlcpy.c
convert_rgb_to_yuv_c.cc
convert_rgb_to_yuv_sse2.cc
convert_rgb_to_yuv_ssse3.cc
encryptor.cc
encryptor_nss.cc
p224_spake.cc
p224.cc
secure_util.cc
signature_creator_nss.cc
symmetric_key_nss.cc
authcert.c
nsskea.c
prelib.c
disassembler.cc
interpreter-irregexp.cc
dict.c
geom.c
memalloc.c
mesh.c
normal.c
priorityq.c
render.c
sweep.c
tess.c
tessmono.c
byte_array.cc
font_data.cc
font_input_stream.cc
font_output_stream.cc
growable_memory_byte_array.cc
memory_byte_array.cc
readable_font_data.cc
writable_font_data.cc
file_input_stream.cc
lock.cc
memory_input_stream.cc
memory_output_stream.cc
big_glyph_metrics.cc
bitmap_glyph.cc
bitmap_glyph_info.cc
composite_bitmap_glyph.cc
ebsc_table.cc
glyph_metrics.cc
index_sub_table.cc
index_sub_table_format1.cc
index_sub_table_format2.cc
index_sub_table_format3.cc
simple_bitmap_glyph.cc
small_glyph_metrics.cc
byte_array_table_builder.cc
font_header_table.cc
horizontal_device_metrics_table.cc
horizontal_header_table.cc
horizontal_metrics_table.cc
maximum_profile_table.cc
os2_table.cc
font_data_table.cc
generic_table_builder.cc
subtable.cc
table.cc
table_based_table_builder.cc
loca_table.cc
font_subsetter.cc
harfbuzz-freetype.c
harfbuzz-dump.c
dict.c
geom.c
memalloc.c
mesh.c
normal.c
priorityq.c
render.c
sweep.c
tess.c
tessmono.c
YarrSyntaxChecker.cpp
PageAllocationAligned.cpp
RefCountedLeakCounter.cpp
StackBounds.cpp
strtod.cc
BinarySemaphore.cpp
iccjpeg.c
fts2_tokenizer.c
QualifierAlive.cpp
gl_fence.cc
scoped_make_current.cc
NodeFilterCondition.cpp
Notation.cpp
StaticHashSetNodeList.cpp
BaseDateAndTimeInputType.cpp
Cursor.cpp
GeolocationService.cpp
LocalizedStrings.cpp
Logging.cpp
MemoryPressureHandler.cpp
AudioResampler.cpp
AudioResamplerKernel.cpp
Region.cpp
TextRun.cpp
Shader.cpp
Texture.cpp
DeviceOrientationClientMock.cpp
GeolocationServiceMock.cpp
AuthenticationChallengeBase.cpp
BlobRegistryImpl.cpp
Credential.cpp
CredentialStorage.cpp
DataURL.cpp
ProtectionSpace.cpp
ProxyServer.cpp
SocketStreamErrorBase.cpp
AuthenticationChallengeChromium.cpp
LocalizedDateNone.cpp
V8WebKitAnimationCustom.cpp
ModifySelectionListLevel.cpp
InspectorClient.cpp
NetscapePlugInStreamLoader.cpp
IconRecord.cpp
PageURLRecord.cpp
PageSerializer.cpp
WebKitAnimation.cpp
WebKitAnimationList.cpp
PluginViewNone.cpp
SharedWorkerThread.cpp
XMLCharacterReferenceParser.cpp
XMLTokenizer.cpp
XMLTreeBuilder.cpp
RenderMediaControls.cpp
file_type_conversion.cc
function_group_base.cc
platform_file.cc
ppapi_globals.cc
ppapi_preferences.cc
ppb_audio_config_shared.cc
ppb_audio_input_shared.cc
ppb_audio_shared.cc
ppb_char_set_shared.cc
ppb_crypto_shared.cc
ppb_file_ref_shared.cc
ppb_font_shared.cc
ppb_graphics_3d_shared.cc
ppb_image_data_shared.cc
ppb_instance_shared.cc
ppb_memory_shared.cc
ppb_opengles2_shared.cc
ppb_url_util_shared.cc
ppb_var_shared.cc
ppp_instance_combined.cc
proxy_lock.cc
resource.cc
scoped_pp_resource.cc
time_conversion.cc
var.cc
webkit_forwarding.cc
net_address_private_impl.cc
tcp_socket_private_impl.cc
udp_socket_private_impl.cc
common.cc
enter.cc
ppb_audio_config_thunk.cc
ppb_audio_input_thunk.cc
ppb_audio_input_trusted_thunk.cc
ppb_audio_thunk.cc
ppb_audio_trusted_thunk.cc
ppb_broker_thunk.cc
ppb_buffer_thunk.cc
ppb_buffer_trusted_thunk.cc
ppb_char_set_thunk.cc
ppb_console_thunk.cc
ppb_cursor_control_thunk.cc
ppb_directory_reader_thunk.cc
ppb_input_event_thunk.cc
ppb_file_chooser_thunk.cc
ppb_file_io_thunk.cc
ppb_file_io_trusted_thunk.cc
ppb_file_ref_thunk.cc
ppb_file_system_thunk.cc
ppb_find_thunk.cc
ppb_flash_clipboard_thunk.cc
ppb_flash_fullscreen_thunk.cc
ppb_flash_menu_thunk.cc
ppb_flash_net_connector_thunk.cc
ppb_font_thunk.cc
ppb_fullscreen_thunk.cc
ppb_gles_chromium_texture_mapping_thunk.cc
ppb_graphics_2d_thunk.cc
ppb_graphics_3d_thunk.cc
ppb_graphics_3d_trusted_thunk.cc
ppb_image_data_thunk.cc
ppb_image_data_trusted_thunk.cc
ppb_instance_thunk.cc
ppb_layer_compositor_thunk.cc
ppb_messaging_thunk.cc
ppb_mouse_lock_thunk.cc
ppb_scrollbar_thunk.cc
ppb_tcp_socket_private_thunk.cc
ppb_text_input_thunk.cc
ppb_transport_thunk.cc
ppb_udp_socket_private_thunk.cc
ppb_url_loader_thunk.cc
ppb_url_request_info_thunk.cc
ppb_url_response_info_thunk.cc
ppb_url_util_thunk.cc
ppb_video_capture_thunk.cc
ppb_video_decoder_thunk.cc
ppb_video_layer_thunk.cc
ppb_websocket_thunk.cc
ppb_widget_thunk.cc
ppb_zoom_thunk.cc
transport_dib_linux.cc
yuv_to_rgb_table.cc

--- end ---

Total amount of 4249 source file data
----------------------------------
