Log file generated by elf-parser
Input file: X:\Programming\Cheats\Sources\Reverse_8684\libffmpegsumo.so

--- A list of source file data ---

crtstuff.c
crtstuff.c
dsputil_mmx.c
fdct_mmx.c
fft.c
fft_sse.c
fmtconvert_mmx.c
h264_intrapred_init.c
idct_mmx_xvid.c
idct_sse2_xvid.c
motion_est_mmx.c
mpegvideo_mmx.c
simple_idct_mmx.c
vp8dsp-init.c
cpu.c
allcodecs.c
audioconvert.c
avfft.c
avpacket.c
bitstream.c
bitstream_filter.c
dsputil.c
faanidct.c
fft_fixed.c
fft_float.c
fmtconvert.c
h264pred.c
imgconvert.c
jrevdct.c
mdct_fixed.c
mdct_float.c
mpeg4audio.c
options.c
parser.c
pcm.c
pthread.c
raw.c
rawdec.c
rdft.c
simple_idct.c
utils.c
vorbis.c
vorbisdec.c
vp3.c
vp3dsp.c
vp56rac.c
vp8.c
vp8_parser.c
vp8dsp.c
xiph.c
allformats.c
avio.c
aviobuf.c
cutils.c
id3v1.c
id3v2.c
isom.c
matroskadec.c
metadata.c
oggdec.c
oggparsecelt.c
oggparseogm.c
oggparseskeleton.c
oggparsetheora.c
oggparsevorbis.c
options.c
pcm.c
riff.c
rmdec.c
seek.c
utils.c
vorbiscomment.c
wav.c
audioconvert.c
avstring.c
base64.c
cpu.c
crc.c
dict.c
eval.c
fifo.c
imgutils.c
intfloat_readwrite.c
lfg.c
log.c
lzo.c
mathematics.c
md5.c
mem.c
opt.c
parseutils.c
pixdesc.c
random_seed.c
rational.c
samplefmt.c
utils.c
/home/buildbot/buildslave/cef_linux/build/dev/src/third_party/ffmpeg/patched-ffmpeg/libavcodec/x86/deinterlace.asm
/home/buildbot/buildslave/cef_linux/build/dev/src/third_party/ffmpeg/patched-ffmpeg/libavcodec/x86/dsputil_yasm.asm
/home/buildbot/buildslave/cef_linux/build/dev/src/third_party/ffmpeg/patched-ffmpeg/libavcodec/x86/fft_mmx.asm
/home/buildbot/buildslave/cef_linux/build/dev/src/third_party/ffmpeg/patched-ffmpeg/libavcodec/x86/fmtconvert.asm
/home/buildbot/buildslave/cef_linux/build/dev/src/third_party/ffmpeg/patched-ffmpeg/libavcodec/x86/h264_chromamc.asm
/home/buildbot/buildslave/cef_linux/build/dev/src/third_party/ffmpeg/patched-ffmpeg/libavcodec/x86/h264_chromamc_10bit.asm
/home/buildbot/buildslave/cef_linux/build/dev/src/third_party/ffmpeg/patched-ffmpeg/libavcodec/x86/h264_intrapred.asm
/home/buildbot/buildslave/cef_linux/build/dev/src/third_party/ffmpeg/patched-ffmpeg/libavcodec/x86/h264_intrapred_10bit.asm
/home/buildbot/buildslave/cef_linux/build/dev/src/third_party/ffmpeg/patched-ffmpeg/libavcodec/x86/h264_qpel_10bit.asm
/home/buildbot/buildslave/cef_linux/build/dev/src/third_party/ffmpeg/patched-ffmpeg/libavcodec/x86/vp3dsp.asm
/home/buildbot/buildslave/cef_linux/build/dev/src/third_party/ffmpeg/patched-ffmpeg/libavcodec/x86/vp8dsp.asm
golomb.c
mpeg12data.c
mpegaudiodata.c
vorbis_data.c
matroska.c
rm.c
inverse.c

--- end ---

Total amount of 114 source file data
----------------------------------
