Log file generated by elf-parser
Input file: X:\Programming\Cheats\Sources\Reverse_8684\libtier0.so

--- A list of source file data ---

initfini.c
crtstuff.c
crtstuff.c
initfini.c
fasttimer.cpp
mem.cpp
testthread.cpp
threadtools.cpp
vcrmode_posix.cpp
vprof.cpp
assert_dialog.cpp
cpu.cpp
cpu_posix.cpp
dbg.cpp
memblockhdr.cpp
memdbg.cpp
memstd.cpp
memvalidate.cpp
mem_helpers.cpp
minidump.cpp
pch_tier0.cpp
platform_posix.cpp
pme_posix.cpp
thread.cpp
tier0.cpp
validator.cpp
valobject.cpp
libgcc2.c
libgcc2.c
libgcc2.c
libgcc2.c

--- end ---

Total amount of 31 source file data
----------------------------------
