Log file generated by elf-parser
Input file: X:\Programming\Cheats\Sources\Reverse_8684\vgui2.so

--- A list of source file data ---

initfini.c
crtstuff.c
crtstuff.c
initfini.c
LocalizedStringTable.cpp
MessageListener.cpp
Scheme.cpp
VGuiKeyValues.cpp
VPanelWrapper.cpp
vgui.cpp
inputosx.cpp
system_posix.cpp
utlsymbol.cpp
Bitmap.cpp
Border.cpp
MemoryBitmap.cpp
VPanel.cpp
fileimage.cpp
vgui_internal.cpp
vgui_key_translation.cpp
characterset.cpp
filesystem_helpers.cpp
interface.cpp
KeyValues.cpp
UnicodeFileHelpers.cpp
UtlBuffer.cpp
MemPool.cpp

--- end ---

Total amount of 27 source file data
----------------------------------
