Log file generated by elf-parser
Input file: X:\Programming\Cheats\Sources\Reverse_8684\vgui.so

--- A list of source file data ---

initfini.c
crtstuff.c
crtstuff.c
initfini.c
Font.cpp
App.cpp
Bitmap.cpp
BitmapTGA.cpp
Border.cpp
BorderLayout.cpp
BorderPair.cpp
BuildGroup.cpp
Button.cpp
ButtonGroup.cpp
CheckButton.cpp
Color.cpp
ConfigWizard.cpp
Cursor.cpp
DataInputStream.cpp
Desktop.cpp
DesktopIcon.cpp
EditPanel.cpp
EtchedBorder.cpp
FileInputStream.cpp
FlowLayout.cpp
FocusNavGroup.cpp
Font.cpp
Frame.cpp
GridLayout.cpp
HeaderPanel.cpp
Image.cpp
ImagePanel.cpp
IntLabel.cpp
Label.cpp
Layout.cpp
LineBorder.cpp
ListPanel.cpp
LoweredBorder.cpp
Menu.cpp
MenuItem.cpp
MenuSeparator.cpp
MessageBox.cpp
MiniApp.cpp
Panel.cpp
PopupMenu.cpp
ProgressBar.cpp
RadioButton.cpp
RaisedBorder.cpp
Scheme.cpp
ScrollBar.cpp
ScrollPanel.cpp
Slider.cpp
StackLayout.cpp
String.cpp
Surface.cpp
SurfaceBase.cpp
TablePanel.cpp
TabPanel.cpp
TaskBar.cpp
TextEntry.cpp
TextGrid.cpp
TextImage.cpp
TextPanel.cpp
ToggleButton.cpp
TreeFolder.cpp
vgui.cpp
WizardPanel.cpp
fileimage.cpp
vfontdata.cpp
App.cpp
Cursor.cpp
Surface.cpp
vgui.cpp

--- end ---

Total amount of 73 source file data
----------------------------------
