Log file generated by elf-parser
Input file: X:\Programming\Cheats\Sources\Reverse_8684\voice_speex.so

--- A list of source file data ---

initfini.c
crtstuff.c
crtstuff.c
initfini.c
VoiceEncoder_Speex.cpp
interface.cpp
voice_codec_frame.cpp
speex.c
bits.c
modes.c
nb_celp.c
quant_lsp.c
speex_callbacks.c
window.c
cb_search.c
exc_10_32_table.c
exc_8_128_table.c
filters.c
gain_table.c
high_lsp_tables.c
lsp.c
ltp.c
vbr.c
vq.c
exc_10_16_table.c
exc_20_32_table.c
exc_5_256_table.c
exc_5_64_table.c
gain_table_lbr.c
lpc.c
lsp_tables_nb.c

--- end ---

Total amount of 31 source file data
----------------------------------
