Log file generated by elf-parser
Input file: X:\Programming\Cheats\Sources\Reverse_8684\dmc\cl_dlls\client.so

--- A list of source file data ---

initfini.c
crtstuff.c
crtstuff.c
initfini.c
quake_baseentity.cpp
quake_weapons.cpp
cdll_int.cpp
GameStudioModelRenderer.cpp
hud.cpp
util.cpp
voice_status.cpp
ev_common.cpp
CTF_FlagStatus.cpp
CTF_HudMessage.cpp
DMC_Teleporters.cpp
ev_hldm.cpp
quake_events.cpp
quake_objects.cpp
studio_util.cpp
vgui_SpectatorPanel.cpp
ammo.cpp
ammo_secondary.cpp
ammohistory.cpp
battery.cpp
com_weapons.cpp
death.cpp
demo.cpp
entity.cpp
events.cpp
geiger.cpp
health.cpp
hud_msg.cpp
hud_redraw.cpp
hud_spectator.cpp
hud_update.cpp
hud_servers.cpp
in_camera.cpp
input.cpp
inputw32.cpp
menu.cpp
message.cpp
saytext.cpp
status_icons.cpp
statusbar.cpp
StudioModelRenderer.cpp
text_message.cpp
train.cpp
tri.cpp
view.cpp
vgui_int.cpp
vgui_ScorePanel.cpp
vgui_ServerBrowser.cpp
vgui_viewport.cpp
vgui_CustomObjects.cpp
vgui_MOTDWindow.cpp
vgui_SchemeManager.cpp
quake_weapons_all.cpp
quake_gun.cpp
interface.cpp
parsemsg.cpp
voice_banmgr.cpp
vgui_checkbutton2.cpp
vgui_grid.cpp
vgui_helpers.cpp
vgui_listbox.cpp
vgui_loadtga.cpp
vgui_scrollbar2.cpp
vgui_slider2.cpp
pm_debug.c
pm_shared.c
pm_math.c

--- end ---

Total amount of 71 source file data
----------------------------------
