Log file generated by elf-parser
Input file: X:\Programming\Cheats\Sources\Reverse_8684\cstrike\cl_dlls\client.so

--- A list of source file data ---

initfini.c
crtstuff.c
crtstuff.c
initfini.c
hl_baseentity.cpp
hl_weapons.cpp
counterstrikeviewport.cpp
counterstrikeviewport_interface.cpp
cdll_int.cpp
GameStudioModelRenderer.cpp
hud.cpp
hud_redraw.cpp
saytext.cpp
util.cpp
voice_status_hud.cpp
voice_status.cpp
Button.cpp
utlsymbol.cpp
ev_common.cpp
hl_events.cpp
hl_objects.cpp
studio_util.cpp
ev_hldm.cpp
backgroundpanel.cpp
basecareermenu.cpp
buymenu.cpp
buysubmenu.cpp
CareerBox.cpp
careermatchendmenu.cpp
careerroundendmenu.cpp
creditsmenu.cpp
CSProgressBar.cpp
cstrikeclassmenu.cpp
cstrikeclientscoreboard.cpp
cstrikespectatorgui.cpp
cstriketeammenu.cpp
inputw32.cpp
message.cpp
buypreset_editmenu.cpp
buypreset_listbox.cpp
buypreset_mainmenu.cpp
buypresetimageinfo.cpp
buypresetpanel.cpp
ammo.cpp
ammo_secondary.cpp
ammohistory.cpp
battery.cpp
com_weapons.cpp
death.cpp
demo.cpp
entity.cpp
events.cpp
flashlight.cpp
geiger.cpp
health.cpp
hud_msg.cpp
hud_spectator.cpp
hud_update.cpp
hud_vgui2print.cpp
in_camera.cpp
input.cpp
interpolation.cpp
menu.cpp
nightvision.cpp
ScenarioStatus.cpp
SniperScope.cpp
status_icons.cpp
statusbar.cpp
StudioModelRenderer.cpp
text_message.cpp
train.cpp
tri.cpp
view.cpp
z_weather.cpp
buy_preset_debug.cpp
buy_presets.cpp
buy_preset_weapon_info.cpp
buy_preset.cpp
interface.cpp
checksum_crc.cpp
steamid.cpp
parsemsg.cpp
Random.cpp
shared_util.cpp
voice_banmgr.cpp
wpn_ak47.cpp
wpn_aug.cpp
wpn_awp.cpp
wpn_c4.cpp
wpn_deagle.cpp
wpn_elite.cpp
wpn_famas.cpp
wpn_fiveseven.cpp
wpn_flashbang.cpp
wpn_g3sg1.cpp
wpn_galil.cpp
wpn_glock18.cpp
wpn_hegrenade.cpp
wpn_knife.cpp
wpn_m249.cpp
wpn_m3.cpp
wpn_m4a1.cpp
wpn_mac10.cpp
wpn_mp5navy.cpp
wpn_p228.cpp
wpn_p90.cpp
wpn_scout.cpp
wpn_sg550.cpp
wpn_sg552.cpp
wpn_smokegrenade.cpp
wpn_tmp.cpp
wpn_ump45.cpp
wpn_usp.cpp
wpn_xm1014.cpp
weapontype.cpp
pm_debug.c
pm_math.c
pm_shared.c
BitmapImagePanel.cpp
BuildGroup.cpp
ComboBox.cpp
controls.cpp
EditablePanel.cpp
FocusNavGroup.cpp
Frame.cpp
ImageList.cpp
ImagePanel.cpp
Label.cpp
Menu.cpp
MenuButton.cpp
MenuItem.cpp
MessageBox.cpp
Panel.cpp
ProgressBar.cpp
RadioButton.cpp
RichText.cpp
ScrollBar.cpp
ScrollBarSlider.cpp
SectionedListPanel.cpp
TextEntry.cpp
TextImage.cpp
ToggleButton.cpp
Tooltip.cpp
URLLabel.cpp
WizardPanel.cpp
WizardSubPanel.cpp
KeyValues.cpp
UtlBuffer.cpp
MemPool.cpp
AnimatingImagePanel.cpp
BuildModeDialog.cpp
CheckButton.cpp
Divider.cpp
HTML.cpp
Image.cpp
PanelListPanel.cpp
QueryBox.cpp
classmenu.cpp
ClientScoreBoardDialog.cpp
CreateCommandMenu.cpp
SpectatorGUI.cpp
teammenu.cpp
vgui_avatarimage.cpp
vgui_TeamFortressViewport.cpp
vgui_TeamFortressViewport_msgs.cpp
vguitextwindow.cpp
clientmotd.cpp
commandmenu.cpp
TutorWindowManager.cpp
TutorStateWindow.cpp
TutorTextWindow.cpp

--- end ---

Total amount of 171 source file data
----------------------------------
