Log file generated by elf-parser
Input file: X:\Programming\Cheats\Sources\Reverse_8684\platform\servers\serverbrowser_linux.so

--- A list of source file data ---

initfini.c
crtstuff.c
crtstuff.c
initfini.c
ServerBrowser.cpp
Button.cpp
utlsymbol.cpp
BaseGamesPage.cpp
DialogAddServer.cpp
DialogGameInfo.cpp
DialogServerPassword.cpp
FavoriteGames.cpp
FriendsGames.cpp
HistoryGames.cpp
InternetGames.cpp
LanGames.cpp
ModList.cpp
ServerBrowserDialog.cpp
ServerContextMenu.cpp
SpectateGames.cpp
VACBannedConnRefusedDialog.cpp
interface.cpp
KeyValues.cpp
checksum_crc.cpp
netadr.cpp
CheckButton.cpp
ComboBox.cpp
controls.cpp
EditablePanel.cpp
FocusNavGroup.cpp
Frame.cpp
ImageList.cpp
ImagePanel.cpp
Label.cpp
ListPanel.cpp
Menu.cpp
MenuButton.cpp
MenuItem.cpp
MessageBox.cpp
Panel.cpp
ProgressBar.cpp
PropertyPage.cpp
PropertySheet.cpp
RadioButton.cpp
RichText.cpp
ScrollBar.cpp
ScrollBarSlider.cpp
TextEntry.cpp
TextImage.cpp
ToggleButton.cpp
Tooltip.cpp
URLLabel.cpp
UtlBuffer.cpp
MemPool.cpp
AnimatingImagePanel.cpp
BitmapImagePanel.cpp
BuildGroup.cpp
BuildModeDialog.cpp
Divider.cpp
HTML.cpp
Image.cpp
PanelListPanel.cpp
QueryBox.cpp

--- end ---

Total amount of 63 source file data
----------------------------------
