Log file generated by elf-parser
Input file: X:\Programming\Cheats\Sources\Reverse_8684\tfc\dlls\tfc.so

--- A list of source file data ---

initfini.c
crtstuff.c
crtstuff.c
initfini.c
areadef.cpp
func_tank.cpp
globals.cpp
tf_gamerules.cpp
world.cpp
xen.cpp
teleporter.cpp
voice_gamemgr.cpp
airtank.cpp
animation.cpp
bmodels.cpp
buttons.cpp
cbase.cpp
client.cpp
combat.cpp
crowbar.cpp
dbhelpers.cpp
defaultai.cpp
demoman.cpp
dispenser.cpp
doors.cpp
effects.cpp
engineer.cpp
explode.cpp
func_break.cpp
game.cpp
gamerules.cpp
genericmonster.cpp
ggrenade.cpp
h_ai.cpp
h_battery.cpp
h_cine.cpp
h_cycler.cpp
h_export.cpp
handgrenade.cpp
healthkit.cpp
items.cpp
lights.cpp
menu.cpp
monsters.cpp
monsterstate.cpp
mortar.cpp
nodes.cpp
observer.cpp
pathcorner.cpp
plane.cpp
plats.cpp
player.cpp
pyro.cpp
schedule.cpp
scripted.cpp
sentry.cpp
skill.cpp
sound.cpp
soundent.cpp
spectator.cpp
spy.cpp
squadmonster.cpp
subs.cpp
talkmonster.cpp
teamplay_gamerules.cpp
tempmonster.cpp
tf_admin.cpp
tf_clan.cpp
tf_item.cpp
tf_sbar.cpp
tf_wpn_grenades.cpp
tf_wpn_nails.cpp
tfort.cpp
tfortmap.cpp
tforttm.cpp
triggers.cpp
turret.cpp
util.cpp
weapons.cpp
tf_bench.cpp
tf_wpn_ac.cpp
tf_wpn_ar.cpp
tf_wpn_axe.cpp
tf_wpn_flame.cpp
tf_wpn_gl.cpp
tf_wpn_ic.cpp
tf_wpn_ng.cpp
tf_wpn_railgun.cpp
tf_wpn_rpg.cpp
tf_wpn_sg.cpp
tf_wpn_srifle.cpp
tf_wpn_tranq.cpp
pm_shared.c
pm_math.c
pm_debug.c
dbhelpers_common.cpp
interface.cpp

--- end ---

Total amount of 97 source file data
----------------------------------
