Log file generated by elf-parser
Input file: X:\Programming\Cheats\Sources\Reverse_8684\bshift\cl_dlls\client.so

--- A list of source file data ---

initfini.c
crtstuff.c
crtstuff.c
initfini.c
hl_baseentity.cpp
hl_weapons.cpp
hud.cpp
vgui_interface.cpp
cdll_int.cpp
GameStudioModelRenderer.cpp
util.cpp
voice_status_hud.cpp
voice_status.cpp
Button.cpp
utlsymbol.cpp
hud_spectator.cpp
ev_hldm.cpp
hl_events.cpp
hl_objects.cpp
inputw32.cpp
tfcscoreboard.cpp
tfccreatecommandmenu.cpp
ammo.cpp
ammo_secondary.cpp
ammohistory.cpp
battery.cpp
com_weapons.cpp
death.cpp
demo.cpp
entity.cpp
ev_common.cpp
events.cpp
flashlight.cpp
geiger.cpp
health.cpp
hud_bench.cpp
hud_benchtrace.cpp
hud_msg.cpp
hud_redraw.cpp
hud_update.cpp
in_camera.cpp
input.cpp
interpolation.cpp
menu.cpp
message.cpp
saytext.cpp
status_icons.cpp
statusbar.cpp
studio_util.cpp
StudioModelRenderer.cpp
text_message.cpp
train.cpp
tri.cpp
view.cpp
interface.cpp
validator.cpp
parsemsg.cpp
voice_banmgr.cpp
crossbow.cpp
crowbar.cpp
egon.cpp
gauss.cpp
handgrenade.cpp
hornetgun.cpp
mp5.cpp
python.cpp
rpg.cpp
satchel.cpp
shotgun.cpp
squeakgrenade.cpp
tripmine.cpp
hl_wpn_glock.cpp
pm_debug.c
pm_shared.c
pm_math.c
ClientScoreBoardDialog.cpp
CreateCommandMenu.cpp
teammenu.cpp
vgui_TeamFortressViewport.cpp
vgui_TeamFortressViewport_msgs.cpp
vguitextwindow.cpp
classmenu.cpp
clientmotd.cpp
commandmenu.cpp
SpectatorGUI.cpp
TutorWindowManager.cpp
TutorStateWindow.cpp
TutorTextWindow.cpp
BitmapImagePanel.cpp
ComboBox.cpp
controls.cpp
EditablePanel.cpp
FocusNavGroup.cpp
Frame.cpp
HTML.cpp
ImageList.cpp
ImagePanel.cpp
Label.cpp
Menu.cpp
MenuButton.cpp
MenuItem.cpp
MessageBox.cpp
Panel.cpp
ProgressBar.cpp
QueryBox.cpp
RadioButton.cpp
RichText.cpp
ScrollBar.cpp
ScrollBarSlider.cpp
SectionedListPanel.cpp
TextEntry.cpp
TextImage.cpp
ToggleButton.cpp
Tooltip.cpp
URLLabel.cpp
KeyValues.cpp
UtlBuffer.cpp
MemPool.cpp
AnimatingImagePanel.cpp
BuildGroup.cpp
BuildModeDialog.cpp
CheckButton.cpp
Divider.cpp
Image.cpp
PanelListPanel.cpp

--- end ---

Total amount of 125 source file data
----------------------------------
