Log file generated by elf-parser
Input file: X:\Programming\Cheats\Sources\Reverse_8684\cstrike\dlls\cs.so

--- A list of source file data ---

initfini.c
crtstuff.c
crtstuff.c
initfini.c
cbase.cpp
func_tank.cpp
globals.cpp
multiplay_gamerules.cpp
player.cpp
world.cpp
voice_gamemgr.cpp
cs_bot_chatter.cpp
utlsymbol.cpp
nav_area.cpp
nav_file.cpp
airtank.cpp
ammo.cpp
animating.cpp
animation.cpp
bmodels.cpp
buttons.cpp
client.cpp
combat.cpp
doors.cpp
effects.cpp
explode.cpp
func_break.cpp
game.cpp
gamerules.cpp
ggrenade.cpp
h_ai.cpp
h_battery.cpp
h_cycler.cpp
h_export.cpp
healthkit.cpp
hintmessage.cpp
items.cpp
lights.cpp
maprules.cpp
mortar.cpp
mpstubb.cpp
observer.cpp
pathcorner.cpp
plane.cpp
plats.cpp
singleplay_gamerules.cpp
skill.cpp
sound.cpp
soundent.cpp
spectator.cpp
subs.cpp
training_gamerules.cpp
triggers.cpp
util.cpp
vehicle.cpp
weapons.cpp
tutor.cpp
career_tasks.cpp
tutor_base_tutor.cpp
tutor_cs_tutor.cpp
tutor_base_states.cpp
tutor_cs_states.cpp
weapontype.cpp
debug.cpp
wpn_ak47.cpp
wpn_aug.cpp
wpn_awp.cpp
wpn_c4.cpp
wpn_deagle.cpp
wpn_elite.cpp
wpn_fiveseven.cpp
wpn_flashbang.cpp
wpn_g3sg1.cpp
wpn_glock18.cpp
wpn_hegrenade.cpp
wpn_knife.cpp
wpn_m249.cpp
wpn_m3.cpp
wpn_m4a1.cpp
wpn_mac10.cpp
wpn_mp5navy.cpp
wpn_p228.cpp
wpn_p90.cpp
wpn_scout.cpp
wpn_sg550.cpp
wpn_sg552.cpp
wpn_smokegrenade.cpp
wpn_tmp.cpp
wpn_ump45.cpp
wpn_usp.cpp
wpn_famas.cpp
wpn_galil.cpp
wpn_xm1014.cpp
pm_shared.c
pm_math.c
pm_debug.c
shared_util.cpp
cs_bot.cpp
cs_bot_event.cpp
cs_bot_init.cpp
cs_bot_learn.cpp
cs_bot_listen.cpp
cs_bot_manager.cpp
cs_bot_nav.cpp
cs_bot_pathfind.cpp
cs_bot_radio.cpp
cs_bot_statemachine.cpp
cs_bot_update.cpp
cs_bot_vision.cpp
cs_bot_weapon.cpp
cs_gamestate.cpp
MemPool.cpp
hostage_animate.cpp
hostage_escape.cpp
hostage_follow.cpp
hostage_idle.cpp
hostage_retreat.cpp
hostage.cpp
hostage_improv.cpp
hostage_localnav.cpp
bot.cpp
bot_manager.cpp
bot_profile.cpp
bot_util.cpp
nav_node.cpp
nav_path.cpp
cs_bot_attack.cpp
cs_bot_buy.cpp
cs_bot_defuse_bomb.cpp
cs_bot_escape_from_bomb.cpp
cs_bot_fetch_bomb.cpp
cs_bot_follow.cpp
cs_bot_hide.cpp
cs_bot_hunt.cpp
cs_bot_idle.cpp
cs_bot_investigate_noise.cpp
cs_bot_move_to.cpp
cs_bot_plant_bomb.cpp
cs_bot_use_entity.cpp
unicode_strtools.cpp

--- end ---

Total amount of 140 source file data
----------------------------------
